[    0.000000] Linux version 4.15.0-76-generic (buildd@lcy01-amd64-029) (gcc version 7.4.0 (Ubuntu 7.4.0-1ubuntu1~18.04.1)) #86-Ubuntu SMP Fri Jan 17 17:24:28 UTC 2020 (Ubuntu 4.15.0-76.86-generic 4.15.18)
[    0.000000] Command line: BOOT_IMAGE=/boot/vmlinuz-4.15.0-76-generic root=LABEL=cloudimg-rootfs ro console=tty1 console=ttyS0
[    0.000000] KERNEL supported cpus:
[    0.000000]   Intel GenuineIntel
[    0.000000]   AMD AuthenticAMD
[    0.000000]   Centaur CentaurHauls
[    0.000000] [Firmware Bug]: TSC doesn't count with P0 frequency!
[    0.000000] x86/fpu: Supporting XSAVE feature 0x001: 'x87 floating point registers'
[    0.000000] x86/fpu: Supporting XSAVE feature 0x002: 'SSE registers'
[    0.000000] x86/fpu: Supporting XSAVE feature 0x004: 'AVX registers'
[    0.000000] x86/fpu: xstate_offset[2]:  576, xstate_sizes[2]:  256
[    0.000000] x86/fpu: Enabled xstate features 0x7, context size is 832 bytes, using 'standard' format.
[    0.000000] e820: BIOS-provided physical RAM map:
[    0.000000] BIOS-e820: [mem 0x0000000000000000-0x000000000009fbff] usable
[    0.000000] BIOS-e820: [mem 0x000000000009fc00-0x000000000009ffff] reserved
[    0.000000] BIOS-e820: [mem 0x00000000000f0000-0x00000000000fffff] reserved
[    0.000000] BIOS-e820: [mem 0x0000000000100000-0x000000007ffeffff] usable
[    0.000000] BIOS-e820: [mem 0x000000007fff0000-0x000000007fffffff] ACPI data
[    0.000000] BIOS-e820: [mem 0x00000000fec00000-0x00000000fec00fff] reserved
[    0.000000] BIOS-e820: [mem 0x00000000fee00000-0x00000000fee00fff] reserved
[    0.000000] BIOS-e820: [mem 0x00000000fffc0000-0x00000000ffffffff] reserved
[    0.000000] NX (Execute Disable) protection: active
[    0.000000] SMBIOS 2.5 present.
[    0.000000] DMI: innotek GmbH VirtualBox/VirtualBox, BIOS VirtualBox 12/01/2006
[    0.000000] Hypervisor detected: KVM
[    0.000000] e820: last_pfn = 0x7fff0 max_arch_pfn = 0x400000000
[    0.000000] MTRR: Disabled
[    0.000000] x86/PAT: MTRRs disabled, skipping PAT initialization too.
[    0.000000] CPU MTRRs all blank - virtualized system.
[    0.000000] x86/PAT: Configuration [0-7]: WB  WT  UC- UC  WB  WT  UC- UC  
[    0.000000] found SMP MP-table at [mem 0x0009fff0-0x0009ffff]
[    0.000000] Scanning 1 areas for low memory corruption
[    0.000000] RAMDISK: [mem 0x3595d000-0x36ca5fff]
[    0.000000] ACPI: Early table checksum verification disabled
[    0.000000] ACPI: RSDP 0x00000000000E0000 000024 (v02 VBOX  )
[    0.000000] ACPI: XSDT 0x000000007FFF0030 00003C (v01 VBOX   VBOXXSDT 00000001 ASL  00000061)
[    0.000000] ACPI: FACP 0x000000007FFF00F0 0000F4 (v04 VBOX   VBOXFACP 00000001 ASL  00000061)
[    0.000000] ACPI: DSDT 0x000000007FFF0470 002325 (v02 VBOX   VBOXBIOS 00000002 INTL 20100528)
[    0.000000] ACPI: FACS 0x000000007FFF0200 000040
[    0.000000] ACPI: FACS 0x000000007FFF0200 000040
[    0.000000] ACPI: APIC 0x000000007FFF0240 00005C (v02 VBOX   VBOXAPIC 00000001 ASL  00000061)
[    0.000000] ACPI: SSDT 0x000000007FFF02A0 0001CC (v01 VBOX   VBOXCPUT 00000002 INTL 20100528)
[    0.000000] No NUMA configuration found
[    0.000000] Faking a node at [mem 0x0000000000000000-0x000000007ffeffff]
[    0.000000] NODE_DATA(0) allocated [mem 0x7ffc5000-0x7ffeffff]
[    0.000000] kvm-clock: cpu 0, msr 0:7ff44001, primary cpu clock
[    0.000000] kvm-clock: Using msrs 4b564d01 and 4b564d00
[    0.000000] kvm-clock: using sched offset of 3235272282 cycles
[    0.000000] clocksource: kvm-clock: mask: 0xffffffffffffffff max_cycles: 0x1cd42e4dffb, max_idle_ns: 881590591483 ns
[    0.000000] Zone ranges:
[    0.000000]   DMA      [mem 0x0000000000001000-0x0000000000ffffff]
[    0.000000]   DMA32    [mem 0x0000000001000000-0x000000007ffeffff]
[    0.000000]   Normal   empty
[    0.000000]   Device   empty
[    0.000000] Movable zone start for each node
[    0.000000] Early memory node ranges
[    0.000000]   node   0: [mem 0x0000000000001000-0x000000000009efff]
[    0.000000]   node   0: [mem 0x0000000000100000-0x000000007ffeffff]
[    0.000000] Reserved but unavailable: 98 pages
[    0.000000] Initmem setup node 0 [mem 0x0000000000001000-0x000000007ffeffff]
[    0.000000] ACPI: PM-Timer IO Port: 0x4008
[    0.000000] IOAPIC[0]: apic_id 2, version 32, address 0xfec00000, GSI 0-23
[    0.000000] ACPI: INT_SRC_OVR (bus 0 bus_irq 0 global_irq 2 dfl dfl)
[    0.000000] ACPI: INT_SRC_OVR (bus 0 bus_irq 9 global_irq 9 low level)
[    0.000000] Using ACPI (MADT) for SMP configuration information
[    0.000000] smpboot: Allowing 2 CPUs, 0 hotplug CPUs
[    0.000000] PM: Registered nosave memory: [mem 0x00000000-0x00000fff]
[    0.000000] PM: Registered nosave memory: [mem 0x0009f000-0x0009ffff]
[    0.000000] PM: Registered nosave memory: [mem 0x000a0000-0x000effff]
[    0.000000] PM: Registered nosave memory: [mem 0x000f0000-0x000fffff]
[    0.000000] e820: [mem 0x80000000-0xfebfffff] available for PCI devices
[    0.000000] Booting paravirtualized kernel on KVM
[    0.000000] clocksource: refined-jiffies: mask: 0xffffffff max_cycles: 0xffffffff, max_idle_ns: 7645519600211568 ns
[    0.000000] random: get_random_bytes called from start_kernel+0x99/0x4fd with crng_init=0
[    0.000000] setup_percpu: NR_CPUS:8192 nr_cpumask_bits:2 nr_cpu_ids:2 nr_node_ids:1
[    0.000000] percpu: Embedded 45 pages/cpu s147456 r8192 d28672 u1048576
[    0.000000] PV qspinlock hash table entries: 256 (order: 0, 4096 bytes)
[    0.000000] Built 1 zonelists, mobility grouping on.  Total pages: 515961
[    0.000000] Policy zone: DMA32
[    0.000000] Kernel command line: BOOT_IMAGE=/boot/vmlinuz-4.15.0-76-generic root=LABEL=cloudimg-rootfs ro console=tty1 console=ttyS0
[    0.000000] Memory: 2014724K/2096696K available (12300K kernel code, 2481K rwdata, 4260K rodata, 2428K init, 2704K bss, 81972K reserved, 0K cma-reserved)
[    0.000000] SLUB: HWalign=64, Order=0-3, MinObjects=0, CPUs=2, Nodes=1
[    0.000000] ftrace: allocating 39322 entries in 154 pages
[    0.004000] Hierarchical RCU implementation.
[    0.004000] 	RCU restricting CPUs from NR_CPUS=8192 to nr_cpu_ids=2.
[    0.004000] 	Tasks RCU enabled.
[    0.004000] RCU: Adjusting geometry for rcu_fanout_leaf=16, nr_cpu_ids=2
[    0.004000] NR_IRQS: 524544, nr_irqs: 440, preallocated irqs: 16
[    0.004000] Console: colour VGA+ 80x25
[    0.004000] console [tty1] enabled
[    0.004000] console [ttyS0] enabled
[    0.004000] ACPI: Core revision 20170831
[    0.004000] ACPI: 2 ACPI AML tables successfully acquired and loaded
[    0.004000] APIC: Switch to symmetric I/O mode setup
[    0.004000] x2apic enabled
[    0.004000] Switched APIC routing to physical x2apic.
[    0.004000] ..TIMER: vector=0x30 apic1=0 pin1=2 apic2=-1 pin2=-1
[    0.004000] tsc: Detected 3600.002 MHz processor
[    0.004000] Calibrating delay loop (skipped) preset value.. 7200.00 BogoMIPS (lpj=14400008)
[    0.004000] pid_max: default: 32768 minimum: 301
[    0.004000] Security Framework initialized
[    0.004000] Yama: becoming mindful.
[    0.004000] AppArmor: AppArmor initialized
[    0.004000] Dentry cache hash table entries: 262144 (order: 9, 2097152 bytes)
[    0.005462] Inode-cache hash table entries: 131072 (order: 8, 1048576 bytes)
[    0.006263] Mount-cache hash table entries: 4096 (order: 3, 32768 bytes)
[    0.008004] Mountpoint-cache hash table entries: 4096 (order: 3, 32768 bytes)
[    0.009001] Last level iTLB entries: 4KB 1024, 2MB 1024, 4MB 512
[    0.009679] Last level dTLB entries: 4KB 1536, 2MB 1536, 4MB 768, 1GB 0
[    0.010434] Spectre V1 : Mitigation: usercopy/swapgs barriers and __user pointer sanitization
[    0.011440] Spectre V2 : Spectre mitigation: LFENCE not serializing, switching to generic retpoline
[    0.012001] Spectre V2 : Mitigation: Full generic retpoline
[    0.012658] Spectre V2 : Spectre v2 / SpectreRSB mitigation: Filling RSB on context switch
[    0.013612] Speculative Store Bypass: Mitigation: Speculative Store Bypass disabled via prctl and seccomp
[    0.014946] Freeing SMP alternatives memory: 36K
[    0.128394] APIC calibration not consistent with PM-Timer: 101ms instead of 100ms
[    0.129344] APIC delta adjusted to PM-Timer: 6284721 (6391540)
[    0.130099] smpboot: CPU0: AMD Ryzen 5 2600X Six-Core Processor (family: 0x17, model: 0x8, stepping: 0x2)
[    0.131327] Performance Events: PMU not available due to virtualization, using software events only.
[    0.132000] Hierarchical SRCU implementation.
[    0.132000] NMI watchdog: Perf event create on CPU 0 failed with -2
[    0.132000] NMI watchdog: Perf NMI watchdog permanently disabled
[    0.132036] smp: Bringing up secondary CPUs ...
[    0.132654] x86: Booting SMP configuration:
[    0.133193] .... node  #0, CPUs:      #1
[    0.004000] kvm-clock: cpu 1, msr 0:7ff44041, secondary cpu clock
[    0.136020] smp: Brought up 1 node, 2 CPUs
[    0.136532] smpboot: Max logical packages: 1
[    0.137046] smpboot: Total of 2 processors activated (14400.00 BogoMIPS)
[    0.137915] devtmpfs: initialized
[    0.137915] x86/mm: Memory block size: 128MB
[    0.137915] evm: security.selinux
[    0.137915] evm: security.SMACK64
[    0.140002] evm: security.SMACK64EXEC
[    0.140471] evm: security.SMACK64TRANSMUTE
[    0.140971] evm: security.SMACK64MMAP
[    0.141446] evm: security.apparmor
[    0.141879] evm: security.ima
[    0.142266] evm: security.capability
[    0.144007] clocksource: jiffies: mask: 0xffffffff max_cycles: 0xffffffff, max_idle_ns: 7645041785100000 ns
[    0.144009] futex hash table entries: 512 (order: 3, 32768 bytes)
[    0.144792] pinctrl core: initialized pinctrl subsystem
[    0.145521] RTC time: 10:09:01, date: 02/15/20
[    0.146211] NET: Registered protocol family 16
[    0.146804] audit: initializing netlink subsys (disabled)
[    0.148014] audit: type=2000 audit(1581761346.590:1): state=initialized audit_enabled=0 res=1
[    0.149026] cpuidle: using governor ladder
[    0.149026] cpuidle: using governor menu
[    0.149026] ACPI: bus type PCI registered
[    0.149026] acpiphp: ACPI Hot Plug PCI Controller Driver version: 0.5
[    0.152073] PCI: Using configuration type 1 for base access
[    0.152718] PCI: Using configuration type 1 for extended access
[    0.154114] HugeTLB registered 2.00 MiB page size, pre-allocated 0 pages
[    0.156057] ACPI: Added _OSI(Module Device)
[    0.156567] ACPI: Added _OSI(Processor Device)
[    0.157110] ACPI: Added _OSI(3.0 _SCP Extensions)
[    0.157673] ACPI: Added _OSI(Processor Aggregator Device)
[    0.158338] ACPI: Added _OSI(Linux-Dell-Video)
[    0.158879] ACPI: Added _OSI(Linux-Lenovo-NV-HDMI-Audio)
[    0.159509] ACPI: Added _OSI(Linux-HPI-Hybrid-Graphics)
[    0.160000] ACPI: Executed 1 blocks of module-level executable AML code
[    0.162375] ACPI: Interpreter enabled
[    0.162855] ACPI: (supports S0 S5)
[    0.163287] ACPI: Using IOAPIC for interrupt routing
[    0.164000] PCI: Using host bridge windows from ACPI; if necessary, use "pci=nocrs" and report a bug
[    0.164123] ACPI: Enabled 2 GPEs in block 00 to 07
[    0.168996] ACPI: PCI Root Bridge [PCI0] (domain 0000 [bus 00-ff])
[    0.169769] acpi PNP0A03:00: _OSC: OS supports [ExtendedConfig ASPM ClockPM Segments MSI]
[    0.171490] acpi PNP0A03:00: _OSC: platform does not support [PCIeCapability]
[    0.172000] acpi PNP0A03:00: _OSC: not requesting control; platform does not support [PCIeCapability]
[    0.172003] acpi PNP0A03:00: _OSC: OS requested [PCIeHotplug PME AER PCIeCapability]
[    0.172971] acpi PNP0A03:00: _OSC: platform willing to grant [PCIeHotplug PME AER]
[    0.173933] acpi PNP0A03:00: _OSC failed (AE_SUPPORT); disabling ASPM
[    0.175024] PCI host bridge to bus 0000:00
[    0.175548] pci_bus 0000:00: root bus resource [io  0x0000-0x0cf7 window]
[    0.176009] pci_bus 0000:00: root bus resource [io  0x0d00-0xffff window]
[    0.176958] pci_bus 0000:00: root bus resource [mem 0x000a0000-0x000bffff window]
[    0.178094] pci_bus 0000:00: root bus resource [mem 0x80000000-0xfdffffff window]
[    0.179112] pci_bus 0000:00: root bus resource [bus 00-ff]
[    0.181110] pci 0000:00:01.1: legacy IDE quirk: reg 0x10: [io  0x01f0-0x01f7]
[    0.181967] pci 0000:00:01.1: legacy IDE quirk: reg 0x14: [io  0x03f6]
[    0.182720] pci 0000:00:01.1: legacy IDE quirk: reg 0x18: [io  0x0170-0x0177]
[    0.183600] pci 0000:00:01.1: legacy IDE quirk: reg 0x1c: [io  0x0376]
[    0.200770] pci 0000:00:07.0: quirk: [io  0x4000-0x403f] claimed by PIIX4 ACPI
[    0.201695] pci 0000:00:07.0: quirk: [io  0x4100-0x410f] claimed by PIIX4 SMB
[    0.213871] ACPI: PCI Interrupt Link [LNKA] (IRQs 5 9 10 *11)
[    0.214811] ACPI: PCI Interrupt Link [LNKB] (IRQs 5 9 *10 11)
[    0.215617] ACPI: PCI Interrupt Link [LNKC] (IRQs 5 *9 10 11)
[    0.216088] ACPI: PCI Interrupt Link [LNKD] (IRQs 5 9 10 *11)
[    0.216986] SCSI subsystem initialized
[    0.217489] pci 0000:00:02.0: vgaarb: setting as boot VGA device
[    0.217489] pci 0000:00:02.0: vgaarb: VGA device added: decodes=io+mem,owns=io+mem,locks=none
[    0.217729] pci 0000:00:02.0: vgaarb: bridge control possible
[    0.218409] vgaarb: loaded
[    0.218772] ACPI: bus type USB registered
[    0.220015] usbcore: registered new interface driver usbfs
[    0.220669] usbcore: registered new interface driver hub
[    0.221311] usbcore: registered new device driver usb
[    0.221959] EDAC MC: Ver: 3.0.0
[    0.221959] PCI: Using ACPI for IRQ routing
[    0.221959] NetLabel: Initializing
[    0.224002] NetLabel:  domain hash size = 128
[    0.224531] NetLabel:  protocols = UNLABELED CIPSOv4 CALIPSO
[    0.225205] NetLabel:  unlabeled traffic allowed by default
[    0.225904] clocksource: Switched to clocksource kvm-clock
[    0.236199] VFS: Disk quotas dquot_6.6.0
[    0.236757] VFS: Dquot-cache hash table entries: 512 (order 0, 4096 bytes)
[    0.237637] AppArmor: AppArmor Filesystem Enabled
[    0.238220] pnp: PnP ACPI init
[    0.239331] pnp: PnP ACPI: found 3 devices
[    0.247347] clocksource: acpi_pm: mask: 0xffffff max_cycles: 0xffffff, max_idle_ns: 2085701024 ns
[    0.248350] NET: Registered protocol family 2
[    0.249116] TCP established hash table entries: 16384 (order: 5, 131072 bytes)
[    0.250011] TCP bind hash table entries: 16384 (order: 6, 262144 bytes)
[    0.250783] TCP: Hash tables configured (established 16384 bind 16384)
[    0.252990] UDP hash table entries: 1024 (order: 3, 32768 bytes)
[    0.253700] UDP-Lite hash table entries: 1024 (order: 3, 32768 bytes)
[    0.254489] NET: Registered protocol family 1
[    0.255020] pci 0000:00:00.0: Limiting direct PCI/PCI transfers
[    0.255741] pci 0000:00:01.0: Activating ISA DMA hang workarounds
[    0.256518] pci 0000:00:02.0: Video device with shadowed ROM at [mem 0x000c0000-0x000dffff]
[    0.256972] Unpacking initramfs...
[    0.256972] Freeing initrd memory: 19748K
[    0.256972] clocksource: tsc: mask: 0xffffffffffffffff max_cycles: 0x33e4559ce44, max_idle_ns: 440795364889 ns
[    0.256972] platform rtc_cmos: registered platform RTC device (no PNP device found)
[    0.256972] Scanning for low memory corruption every 60 seconds
[    0.501901] Initialise system trusted keyrings
[    0.502660] Key type blacklist registered
[    0.503450] workingset: timestamp_bits=36 max_order=19 bucket_order=0
[    0.504936] zbud: loaded
[    0.505680] squashfs: version 4.0 (2009/01/31) Phillip Lougher
[    0.506591] fuse init (API version 7.26)
[    0.509869] Key type asymmetric registered
[    0.510378] Asymmetric key parser 'x509' registered
[    0.510979] Block layer SCSI generic (bsg) driver version 0.4 loaded (major 246)
[    0.511922] io scheduler noop registered
[    0.512442] io scheduler deadline registered
[    0.513532] io scheduler cfq registered (default)
[    0.514310] ACPI: AC Adapter [AC] (on-line)
[    0.514849] input: Power Button as /devices/LNXSYSTM:00/LNXPWRBN:00/input/input0
[    0.515812] ACPI: Power Button [PWRF]
[    0.516308] input: Sleep Button as /devices/LNXSYSTM:00/LNXSLPBN:00/input/input1
[    0.517203] ACPI: Sleep Button [SLPF]
[    0.517912] Serial: 8250/16550 driver, 32 ports, IRQ sharing enabled
[    0.539101] 00:02: ttyS0 at I/O 0x3f8 (irq = 4, base_baud = 115200) is a 16550A
[    0.542333] Linux agpgart interface v0.103
[    0.544035] loop: module loaded
[    0.544814] scsi host0: ata_piix
[    0.545374] scsi host1: ata_piix
[    0.545807] ata1: PATA max UDMA/33 cmd 0x1f0 ctl 0x3f6 bmdma 0xd000 irq 14
[    0.546599] ata2: PATA max UDMA/33 cmd 0x170 ctl 0x376 bmdma 0xd008 irq 15
[    0.547606] libphy: Fixed MDIO Bus: probed
[    0.548127] tun: Universal TUN/TAP device driver, 1.6
[    0.548770] PPP generic driver version 2.4.2
[    0.549356] ehci_hcd: USB 2.0 'Enhanced' Host Controller (EHCI) Driver
[    0.550093] ehci-pci: EHCI PCI platform driver
[    0.550619] ehci-platform: EHCI generic platform driver
[    0.551296] ohci_hcd: USB 1.1 'Open' Host Controller (OHCI) Driver
[    0.552075] ohci-pci: OHCI PCI platform driver
[    0.552632] ohci-platform: OHCI generic platform driver
[    0.553262] uhci_hcd: USB Universal Host Controller Interface driver
[    0.554040] i8042: PNP: PS/2 Controller [PNP0303:PS2K,PNP0f03:PS2M] at 0x60,0x64 irq 1,12
[    0.555380] serio: i8042 KBD port at 0x60,0x64 irq 1
[    0.556009] serio: i8042 AUX port at 0x60,0x64 irq 12
[    0.556768] mousedev: PS/2 mouse device common for all mice
[    0.557942] rtc_cmos rtc_cmos: rtc core: registered rtc_cmos as rtc0
[    0.558762] input: AT Translated Set 2 keyboard as /devices/platform/i8042/serio0/input/input2
[    0.559957] rtc_cmos rtc_cmos: alarms up to one day, 114 bytes nvram
[    0.560686] i2c /dev entries driver
[    0.561199] device-mapper: uevent: version 1.0.3
[    0.561850] device-mapper: ioctl: 4.37.0-ioctl (2017-09-20) initialised: dm-devel@redhat.com
[    0.562896] ledtrig-cpu: registered to indicate activity on CPUs
[    0.563959] NET: Registered protocol family 10
[    0.566756] Segment Routing with IPv6
[    0.567245] NET: Registered protocol family 17
[    0.567836] Key type dns_resolver registered
[    0.568487] mce: Using 0 MCE banks
[    0.568934] RAS: Correctable Errors collector initialized.
[    0.569583] sched_clock: Marking stable (568467581, 0)->(718468292, -150000711)
[    0.570729] registered taskstats version 1
[    0.571234] Loading compiled-in X.509 certificates
[    0.573223] Loaded X.509 cert 'Build time autogenerated kernel key: 665cd2b89e03521f57c41865f552ebce30a0c7fb'
[    0.574405] zswap: loaded using pool lzo/zbud
[    0.577205] Key type big_key registered
[    0.577713] Key type trusted registered
[    0.579177] Key type encrypted registered
[    0.579685] AppArmor: AppArmor sha1 policy hashing enabled
[    0.580350] ima: No TPM chip found, activating TPM-bypass! (rc=-19)
[    0.581083] ima: Allocated hash algorithm: sha1
[    0.581671] evm: HMAC attrs: 0x1
[    0.582287]   Magic number: 8:776:173
[    0.582855] rtc_cmos rtc_cmos: setting system clock to 2020-02-15 10:09:01 UTC (1581761341)
[    0.584252] BIOS EDD facility v0.16 2004-Jun-25, 0 devices found
[    0.585049] EDD information not available.
[    0.728585] Freeing unused kernel image memory: 2428K
[    0.740484] Write protecting the kernel read-only data: 20480k
[    0.741628] Freeing unused kernel image memory: 2008K
[    0.742462] Freeing unused kernel image memory: 1884K
[    0.748996] x86/mm: Checked W+X mappings: passed, no W+X pages found.
Loading, please wait...
starting version 237
[    0.787803] e1000: Intel(R) PRO/1000 Network Driver - version 7.3.21-k8-NAPI
[    0.788730] e1000: Copyright (c) 1999-2006 Intel Corporation.
[    0.802258] Fusion MPT base driver 3.04.20
[    0.802851] Copyright (c) 1999-2008 LSI Corporation
[    0.806259] vboxvideo: loading out-of-tree module taints kernel.
[    0.807436] vboxvideo: module verification failed: signature and/or required key missing - tainting kernel
[    0.811327] AVX2 version of gcm_enc/dec engaged.
[    0.812155] AES CTR mode by8 optimization enabled
[    0.813513] Fusion MPT SPI Host driver 3.04.20
[    1.000158] input: ImExPS/2 Generic Explorer Mouse as /devices/platform/i8042/serio1/input/input4
[    1.143691] e1000 0000:00:03.0 eth0: (PCI:33MHz:32-bit) 02:b4:6b:8c:b8:1a
[    1.144548] e1000 0000:00:03.0 eth0: Intel(R) PRO/1000 Network Connection
[    1.511031] e1000 0000:00:08.0 eth1: (PCI:33MHz:32-bit) 08:00:27:96:91:db
[    1.511842] e1000 0000:00:08.0 eth1: Intel(R) PRO/1000 Network Connection
[    1.513281] e1000 0000:00:08.0 enp0s8: renamed from eth1
[    1.514051] mptbase: ioc0: Initiating bringup
[    1.573443] e1000 0000:00:03.0 enp0s3: renamed from eth0
[    1.616180] ioc0: LSI53C1030 A0: Capabilities={Initiator}
[    1.857033] scsi host2: ioc0: LSI53C1030 A0, FwRev=00000000h, Ports=1, MaxQ=256, IRQ=20
[    2.025215] scsi 2:0:0:0: Direct-Access     VBOX     HARDDISK         1.0  PQ: 0 ANSI: 5
[    2.025707] [drm] VRAM 01000000
[    2.026748] [TTM] Zone  kernel: Available graphics memory: 1020414 kiB
[    2.027544] [TTM] Initializing pool allocator
[    2.028091] [TTM] Initializing DMA pool allocator
[    2.029785] fbcon: vboxdrmfb (fb0) is primary device
[    2.030920] Console: switching to colour frame buffer device 100x37
[    2.032487] vboxvideo 0000:00:02.0: fb0: vboxdrmfb frame buffer device
[    2.044515] [drm] Initialized vboxvideo 1.0.0 20130823 for 0000:00:02.0 on minor 0
[    2.053270] scsi target2:0:0: Beginning Domain Validation
[    2.054285] scsi target2:0:0: Domain Validation skipping write tests
[    2.054845] scsi target2:0:0: Ending Domain Validation
[    2.055334] scsi target2:0:0: asynchronous
[    2.055908] scsi 2:0:1:0: Direct-Access     VBOX     HARDDISK         1.0  PQ: 0 ANSI: 5
[    2.290651] scsi target2:0:1: Beginning Domain Validation
[    2.291923] random: fast init done
[    2.292317] scsi target2:0:1: Domain Validation skipping write tests
[    2.292893] scsi target2:0:1: Ending Domain Validation
[    2.293502] scsi target2:0:1: asynchronous
[    2.296345] random: systemd-udevd: uninitialized urandom read (16 bytes read)
[    2.297123] random: systemd-udevd: uninitialized urandom read (16 bytes read)
[    2.297902] random: systemd-udevd: uninitialized urandom read (16 bytes read)
[    2.298788] sd 2:0:0:0: Attached scsi generic sg0 type 0
[    2.299538] sd 2:0:0:0: [sda] 20971520 512-byte logical blocks: (10.7 GB/10.0 GiB)
[    2.300414] sd 2:0:1:0: Attached scsi generic sg1 type 0
[    2.300418] sd 2:0:0:0: [sda] Write Protect is off
[    2.301787] sd 2:0:1:0: [sdb] 20480 512-byte logical blocks: (10.5 MB/10.0 MiB)
[    2.301845] sd 2:0:0:0: [sda] Incomplete mode parameter data
[    2.302638] sd 2:0:1:0: [sdb] Write Protect is off
[    2.303307] sd 2:0:0:0: [sda] Assuming drive cache: write through
[    2.304761] sd 2:0:1:0: [sdb] Incomplete mode parameter data
[    2.305516] sd 2:0:1:0: [sdb] Assuming drive cache: write through
[    2.308306]  sda: sda1
[    2.309315] sd 2:0:0:0: [sda] Attached SCSI disk
[    2.310041] sd 2:0:1:0: [sdb] Attached SCSI disk
Begin: Loading essential drivers ... [    2.456272] raid6: sse2x1   gen()  8533 MB/s
[    2.505107] raid6: sse2x1   xor()  8072 MB/s
[    2.552145] raid6: sse2x2   gen() 16473 MB/s
[    2.600802] raid6: sse2x2   xor() 11008 MB/s
[    2.648716] raid6: sse2x4   gen() 15318 MB/s
[    2.697485] raid6: sse2x4   xor()  5502 MB/s
[    2.745341] raid6: avx2x1   gen() 20383 MB/s
[    2.792241] raid6: avx2x1   xor() 14347 MB/s
[    2.841480] raid6: avx2x2   gen() 26853 MB/s
[    2.889464] raid6: avx2x2   xor() 15895 MB/s
[    2.937522] raid6: avx2x4   gen() 27244 MB/s
[    2.984616] raid6: avx2x4   xor() 13104 MB/s
[    2.985271] raid6: using algorithm avx2x4 gen() 27244 MB/s
[    2.986014] raid6: .... xor() 13104 MB/s, rmw enabled
[    2.986740] raid6: using avx2x2 recovery algorithm
[    2.988299] xor: automatically using best checksumming function   avx       
[    2.989934] async_tx: api initialized (async)
done.
Begin: Running /scripts/init-premount ... done.
Begin: Mounting root file system ... Begin: Running /scripts/local-top ... done.
Begin: Running /scripts/local-premount ... [    3.019702] Btrfs loaded, crc32c=crc32c-intel
Scanning for Btrfs filesystems
done.
Warning: fsck not present, so skipping root file system
[    3.038935] EXT4-fs (sda1): mounted filesystem with ordered data mode. Opts: (null)
done.
Begin: Running /scripts/local-bottom ... done.
Begin: Running /scripts/init-bottom ... done.
[    3.154447] ip_tables: (C) 2000-2006 Netfilter Core Team
[    3.161471] systemd[1]: systemd 237 running in system mode. (+PAM +AUDIT +SELINUX +IMA +APPARMOR +SMACK +SYSVINIT +UTMP +LIBCRYPTSETUP +GCRYPT +GNUTLS +ACL +XZ +LZ4 +SECCOMP +BLKID +ELFUTILS +KMOD -IDN2 +IDN -PCRE2 default-hierarchy=hybrid)
[    3.164074] systemd[1]: Detected virtualization oracle.
[    3.164782] systemd[1]: Detected architecture x86-64.

Welcome to [1mUbuntu 18.04.4 LTS[0m!

[    3.169470] systemd[1]: Set hostname to <devops>.
[    3.358263] systemd[1]: Created slice User and Session Slice.
[[0;32m  OK  [0m] Created slice User and Session Slice.
[    3.359697] systemd[1]: Started Forward Password Requests to Wall Directory Watch.
[[0;32m  OK  [0m] Started Forward Password Requests to Wall Directory Watch.
[    3.361639] systemd[1]: Created slice System Slice.
[[0;32m  OK  [0m] Created slice System Slice.
[    3.362815] systemd[1]: Listening on /dev/initctl Compatibility Named Pipe.
[[0;32m  OK  [0m] Listening on /dev/initctl Compatibility Named Pipe.
[    3.364289] systemd[1]: Listening on Syslog Socket.
[[0;32m  OK  [0m] Listening on Syslog Socket.
[    3.365416] systemd[1]: Listening on Journal Socket.
[[0;32m  OK  [0m] Listening on Journal Socket.
         Starting Uncomplicated firewall...
[[0;32m  OK  [0m] Created slice system-serial\x2dgetty.slice.
         Mounting Kernel Debug File System...
         Starting Create list of required st…ce nodes for the current kernel...
[[0;32m  OK  [0m] Listening on udev Control Socket.
         Mounting POSIX Message Queue File System...
         Mounting Huge Pages File System...
[[0;32m  OK  [0m] Listening on LVM2 poll daemon socket.
[[0;32m  OK  [0m] Reached target User and Group Name Lookups.
[[0;32m  OK  [0m] Reached target Swap.
[[0;32m  OK  [0m] Reached target Slices.
         Starting Set the console keyboard layout...
         Starting Remount Root and Kernel File Systems...
[[0;32m  OK  [0m] Listening on Journal Socket (/dev/log).
[[0;32m  OK  [0m] Reached target System Time Synchronized.
[[0;32m  OK  [0m] Listening on udev Kernel Socket.
         Starting udev Coldplug all Devices...
[[0;32m  OK  [0m] Listening on LVM2 metadata daemon socket.
[[0;32m  OK  [0m] Listening on Network Service Netlink Socket.
[[0;32m  OK  [0m] Set up automount Arbitrary Executab…rmats File System Automount Point.
[[0;32m  OK  [0m] Listening on Device-mapper event daemon FIFOs.
         Starting Load Kernel Modules...
[[0;32m  OK  [0m] Listening on Journal Audit Socket.
         Starting Journal Service...
         Starting Monitoring of LVM2 mirrors…ng dmeventd or progress polling...
[[0;32m  OK  [0m] Started Uncomplicated firewall.
[[0;32m  OK  [0m] Mounted Kernel Debug File System.
[[0;32m  OK  [0m] Started Create list of required sta…vice nodes for the current kernel.
[[0;32m  OK  [0m] Mounted POSIX Message Queue File System.
[[0;32m  OK  [0m] Mounted Huge Pages File System.
         Starting Create Static Device Nodes in /dev...
[    3.419051] EXT4-fs (sda1): re-mounted. Opts: (null)
[[0;32m  OK  [0m] Started Remount Root and Kernel File Systems.
[    3.425918] Loading iSCSI transport class v2.0-870.
         Starting Load/Save Random Seed...
[[0;32m  OK  [0m] Started udev Coldplug all Devices.
[[0;32m  OK  [0m] Started Journal Service.
[[0;32m  OK  [0m] Started Create Static Device Nodes in /dev.
[[0;32m  OK  [0m] Started LVM2 metadata daemon.
         Starting udev Kernel Device Manager...
[    3.486264] iscsi: registered transport (tcp)
         Starting Flush Journal to Persistent Storage...
[    3.500686] iscsi: registered transport (iser)
[[0;32m  OK  [0m] Started Load Kernel Modules.
         Mounting FUSE Control File System...
         Starting Apply Kernel Variables...
         Mounting Kernel Configuration File System...
[[0;32m  OK  [0m] Mounted FUSE Control File System.
[[0;32m  OK  [0m] Started Load/Save Random Seed.
[[0;32m  OK  [0m] Mounted Kernel Configuration File System.
[    3.521942] systemd-journald[413]: Received request to flush runtime journal from PID 1
[[0;32m  OK  [0m] Started udev Kernel Device Manager.
[[0;32m  OK  [0m] Started Monitoring of LVM2 mirrors,…sing dmeventd or progress polling.
[[0;32m  OK  [0m] Started Apply Kernel Variables.
[[0;32m  OK  [0m] Started Flush Journal to Persistent Storage.
[[0;32m  OK  [0m] Found device /dev/ttyS0.
[[0;32m  OK  [0m] Listening on Load/Save RF Kill Switch Status /dev/rfkill Watch.
[[0;32m  OK  [0m] Started Set the console keyboard layout.
[[0;32m  OK  [0m] Reached target Local File Systems (Pre).
[[0;32m  OK  [0m] Reached target Local File Systems.
         Starting AppArmor initialization...
         Starting Set console font and keymap...
         Starting ebtables ruleset management...
         Starting Create Volatile Files and Directories...
         Starting Tell Plymouth To Write Out Runtime Data...
[[0;32m  OK  [0m] Started Dispatch Password Requests to Console Directory Watch.
[[0;32m  OK  [0m] Reached target Local Encrypted Volumes.
[[0;32m  OK  [0m] Started Set console font and keymap.
[[0;32m  OK  [0m] Started Tell Plymouth To Write Out Runtime Data.
[[0;32m  OK  [0m] Started Create Volatile Files and Directories.
         Starting Update UTMP about System Boot/Shutdown...
[[0;32m  OK  [0m] Started Update UTMP about System Boot/Shutdown.
[[0;32m  OK  [0m] Started ebtables ruleset management.
[[0;32m  OK  [0m] Started AppArmor initialization.
         Starting Initial cloud-init job (pre-networking)...
[    5.003635] cloud-init[736]: Cloud-init v. 19.4-33-gbb4131a2-0ubuntu1~18.04.1 running 'init-local' at Sat, 15 Feb 2020 10:09:05 +0000. Up 4.83 seconds.
[[0;32m  OK  [0m] Started Initial cloud-init job (pre-networking).
[[0;32m  OK  [0m] Reached target Network (Pre).
         Starting Network Service...
[[0;32m  OK  [0m] Started Network Service.
         Starting Network Name Resolution...
         Starting Wait for Network to be Configured...
[[0;32m  OK  [0m] Started Network Name Resolution.
[[0;32m  OK  [0m] Reached target Host and Network Name Lookups.
[[0;32m  OK  [0m] Reached target Network.
[[0;32m  OK  [0m] Started Wait for Network to be Configured.
         Starting Initial cloud-init job (metadata service crawler)...
[    6.770030] cloud-init[836]: Cloud-init v. 19.4-33-gbb4131a2-0ubuntu1~18.04.1 running 'init' at Sat, 15 Feb 2020 10:09:07 +0000. Up 6.66 seconds.
[    6.771952] cloud-init[836]: ci-info: ++++++++++++++++++++++++++++++++++++++Net device info+++++++++++++++++++++++++++++++++++++++
[    6.773111] cloud-init[836]: ci-info: +--------+------+-----------------------------+---------------+--------+-------------------+
[    6.774324] cloud-init[836]: ci-info: | Device |  Up  |           Address           |      Mask     | Scope  |     Hw-Address    |
[    6.775452] cloud-init[836]: ci-info: +--------+------+-----------------------------+---------------+--------+-------------------+
[    6.776593] cloud-init[836]: ci-info: | enp0s3 | True |          10.0.2.15          | 255.255.255.0 | global | 02:b4:6b:8c:b8:1a |
[    6.778219] cloud-init[836]: ci-info: | enp0s3 | True |  fe80::b4:6bff:fe8c:b81a/64 |       .       |  link  | 02:b4:6b:8c:b8:1a |
[    6.779397] cloud-init[836]: ci-info: | enp0s8 | True |          10.0.0.100         | 255.255.255.0 | global | 08:00:27:96:91:db |
[    6.780586] cloud-init[836]: ci-info: | enp0s8 | True | fe80::a00:27ff:fe96:91db/64 |       .       |  link  | 08:00:27:96:91:db |
[    6.781697] cloud-init[836]: ci-info: |   lo   | True |          127.0.0.1          |   255.0.0.0   |  host  |         .         |
[    6.782831] cloud-init[836]: ci-info: |   lo   | True |           ::1/128           |       .       |  host  |         .         |
[    6.783975] cloud-init[836]: ci-info: +--------+------+-----------------------------+---------------+--------+-------------------+
[    6.785147] cloud-init[836]: ci-info: ++++++++++++++++++++++++++++Route IPv4 info+++++++++++++++++++++++++++++
[    6.786119] cloud-init[836]: ci-info: +-------+-------------+----------+-----------------+-----------+-------+
[    6.787087] cloud-init[836]: ci-info: | Route | Destination | Gateway  |     Genmask     | Interface | Flags |
[    6.788054] cloud-init[836]: ci-info: +-------+-------------+----------+-----------------+-----------+-------+
[    6.789049] cloud-init[836]: ci-info: |   0   |   0.0.0.0   | 10.0.2.2 |     0.0.0.0     |   enp0s3  |   UG  |
[    6.789964] cloud-init[836]: ci-info: |   1   |   10.0.0.0  | 0.0.0.0  |  255.255.255.0  |   enp0s8  |   U   |
[    6.791076] cloud-init[836]: ci-info: |   2   |   10.0.2.0  | 0.0.0.0  |  255.255.255.0  |   enp0s3  |   U   |
[    6.792114] cloud-init[836]: ci-info: |   3   |   10.0.2.2  | 0.0.0.0  | 255.255.255.255 |   enp0s3  |   UH  |
[    6.793143] cloud-init[836]: ci-info: +-------+-------------+----------+-----------------+-----------+-------+
[    6.794046] cloud-init[836]: ci-info: +++++++++++++++++++Route IPv6 info+++++++++++++++++++
[    6.794870] cloud-init[836]: ci-info: +-------+-------------+---------+-----------+-------+
[    6.796214] cloud-init[836]: ci-info: | Route | Destination | Gateway | Interface | Flags |
[    6.797133] cloud-init[836]: ci-info: +-------+-------------+---------+-----------+-------+
[    6.797929] cloud-init[836]: ci-info: |   1   |  fe80::/64  |    ::   |   enp0s8  |   U   |
[    6.798782] cloud-init[836]: ci-info: |   2   |  fe80::/64  |    ::   |   enp0s3  |   U   |
[    6.799749] cloud-init[836]: ci-info: |   4   |    local    |    ::   |   enp0s3  |   U   |
[    6.800623] cloud-init[836]: ci-info: |   5   |    local    |    ::   |   enp0s8  |   U   |
[    6.801419] cloud-init[836]: ci-info: |   6   |   ff00::/8  |    ::   |   enp0s8  |   U   |
[    6.802253] cloud-init[836]: ci-info: |   7   |   ff00::/8  |    ::   |   enp0s3  |   U   |
[    6.803200] cloud-init[836]: ci-info: +-------+-------------+---------+-----------+-------+
[[0;32m  OK  [0m] Started Initial cloud-init job (metadata service crawler).
[[0;32m  OK  [0m] Reached target Cloud-config availability.
[[0;32m  OK  [0m] Reached target Network is Online.
[[0;32m  OK  [0m] Reached target Remote File Systems (Pre).
[[0;32m  OK  [0m] Reached target Remote File Systems.
         Starting Availability of block devices...
[[0;32m  OK  [0m] Reached target System Initialization.
[[0;32m  OK  [0m] Listening on Avahi mDNS/DNS-SD Stack Activation Socket.
[[0;32m  OK  [0m] Listening on ACPID Listen Socket.
[[0;32m  OK  [0m] Started Discard unused blocks once a week.
[[0;32m  OK  [0m] Started Daily apt download activities.
[[0;32m  OK  [0m] Started Daily apt upgrade and clean activities.
[[0;32m  OK  [0m] Started ACPI Events Check.
[[0;32m  OK  [0m] Started Daily Cleanup of Temporary Directories.
         Starting Socket activation for snappy daemon.
[[0;32m  OK  [0m] Listening on UUID daemon activation socket.
[[0;32m  OK  [0m] Reached target Paths.
[[0;32m  OK  [0m] Started Message of the Day.
[[0;32m  OK  [0m] Listening on D-Bus System Message Bus Socket.
[[0;32m  OK  [0m] Listening on Open-iSCSI iscsid Socket.
[[0;32m  OK  [0m] Reached target Timers.
         Starting LXD - unix socket.
[[0;32m  OK  [0m] Listening on Socket activation for snappy daemon.
[[0;32m  OK  [0m] Listening on LXD - unix socket.
[[0;32m  OK  [0m] Reached target Sockets.
[[0;32m  OK  [0m] Reached target Basic System.
         Starting LSB: Record successful boot for GRUB...
[[0;32m  OK  [0m] Started irqbalance daemon.
[[0;32m  OK  [0m] Started Regular background program processing daemon.
         Starting Permit User Sessions...
         Starting nginx - high performance web server...
[[0;32m  OK  [0m] Started FUSE filesystem for LXC.
         Starting Accounts Service...
[[0;32m  OK  [0m] Started D-Bus System Message Bus.
         Starting Login Service...
         Starting Snappy daemon...
         Starting vboxadd.service...
         Starting LXD - container startup/shutdown...
         Starting LSB: automatic crash report generation...
         Starting System Logging Service...
         Starting Dispatcher daemon for systemd-networkd...
[[0;32m  OK  [0m] Started Deferred execution scheduler.
         Starting Avahi mDNS/DNS-SD Stack...
[[0;32m  OK  [0m] Started Puppet agent.
         Starting OpenBSD Secure Shell server...
[[0;32m  OK  [0m] Started System Logging Service.
[[0;32m  OK  [0m] Started Availability of block devices.
[[0;32m  OK  [0m] Started Permit User Sessions.
[[0;1;31mFAILED[0m] Failed to start nginx - high performance web server.
See 'systemctl status nginx.service' for details.
[[0;32m  OK  [0m] Started Login Service.
[[0;32m  OK  [0m] Started Unattended Upgrades Shutdown.
         Starting Authorization Manager...
         Starting Hold until boot process finishes up...
         Starting Terminate Plymouth Boot Screen...
[[0;32m  OK  [0m] Started Hold until boot process finishes up.
[[0;32m  OK  [0m] Started Serial Getty on ttyS0.
         Starting Set console scheme...
[[0;32m  OK  [0m] Started Avahi mDNS/DNS-SD Stack.
[[0;32m  OK  [0m] Started Terminate Plymouth Boot Screen.
[[0;32m  OK  [0m] Started OpenBSD Secure Shell server.
[[0;32m  OK  [0m] Started Authorization Manager.
[[0;32m  OK  [0m] Started Accounts Service.
[[0;32m  OK  [0m] Started Set console scheme.
[[0;32m  OK  [0m] Created slice system-getty.slice.
[[0;32m  OK  [0m] Started Getty on tty1.
[[0;32m  OK  [0m] Reached target Login Prompts.
[[0;32m  OK  [0m] Started LXD - container startup/shutdown.
[[0;32m  OK  [0m] Started LSB: automatic crash report generation.
[[0;32m  OK  [0m] Started LSB: Record successful boot for GRUB.
[[0;32m  OK  [0m] Started Dispatcher daemon for systemd-networkd.
[[0;32m  OK  [0m] Started Snappy daemon.
         Starting Wait until snapd is fully seeded...
[[0;32m  OK  [0m] Started Wait until snapd is fully seeded.
         Starting Apply the settings specified in cloud-config...
[    9.656634] cloud-init[1304]: Cloud-init v. 19.4-33-gbb4131a2-0ubuntu1~18.04.1 running 'modules:config' at Sat, 15 Feb 2020 10:09:10 +0000. Up 9.55 seconds.
[[0;32m  OK  [0m] Started Apply the settings specified in cloud-config.
[[0;32m  OK  [0m] Started vboxadd.service.
         Starting vboxadd-service.service...
[[0;32m  OK  [0m] Started vboxadd-service.service.
[[0;32m  OK  [0m] Reached target Multi-User System.
[[0;32m  OK  [0m] Reached target Graphical Interface.
         Starting Execute cloud user/final scripts...
         Starting Update UTMP about System Runlevel Changes...
[[0;32m  OK  [0m] Started Update UTMP about System Runlevel Changes.
[   10.250658] cloud-init[1449]: Cloud-init v. 19.4-33-gbb4131a2-0ubuntu1~18.04.1 running 'modules:final' at Sat, 15 Feb 2020 10:09:11 +0000. Up 10.15 seconds.
[   10.252429] cloud-init[1449]: Cloud-init v. 19.4-33-gbb4131a2-0ubuntu1~18.04.1 finished at Sat, 15 Feb 2020 10:09:11 +0000. Datasource DataSourceNoCloud [seed=/dev/sdb][dsmode=net].  Up 10.24 seconds
[[0;32m  OK  [0m] Started Execute cloud user/final scripts.
[[0;32m  OK  [0m] Reached target Cloud-init target.

Ubuntu 18.04.4 LTS devops ttyS0

devops login:          Stopping User Manager for UID 1000...
[[0;32m  OK  [0m] Closed Load/Save RF Kill Switch Status /dev/rfkill Watch.
         Stopping Session 23 of user vagrant.
[[0;32m  OK  [0m] Stopped target Cloud-init target.
[[0;32m  OK  [0m] Stopped Execute cloud user/final scripts.
[[0;32m  OK  [0m] Stopped Apply the settings specified in cloud-config.
         Stopping Availability of block devices...
[[0;32m  OK  [0m] Stopped target Cloud-config availability.
         Stopping Authorization Manager...
[[0;32m  OK  [0m] Stopped target Graphical Interface.
         Stopping Accounts Service...
[[0;32m  OK  [0m] Stopped target Multi-User System.
         Stopping FUSE filesystem for LXC...
         Stopping Regular background program processing daemon...
         Stopping System Logging Service...
[[0;32m  OK  [0m] Stopped target Login Prompts.
         Stopping Serial Getty on ttyS0...
         Stopping Getty on tty1...
         Stopping LXD - container startup/shutdown...
         Stopping Unattended Upgrades Shutdown...
         Stopping Puppet agent...
         Stopping irqbalance daemon...
         Stopping Dispatcher daemon for systemd-networkd...
[[0;32m  OK  [0m] Stopped Wait until snapd is fully seeded.
         Stopping nginx - high performance web server...
         Stopping D-Bus System Message Bus...
         Stopping Deferred execution scheduler...
         Stopping Avahi mDNS/DNS-SD Stack...
         Stopping vboxadd-service.service...
[[0;32m  OK  [0m] Stopped target Timers.
[[0;32m  OK  [0m] Stopped Daily Cleanup of Temporary Directories.
[[0;32m  OK  [0m] Stopped Discard unused blocks once a week.
[[0;32m  OK  [0m] Stopped Daily apt upgrade and clean activities.
[[0;32m  OK  [0m] Stopped Daily apt download activities.
[[0;32m  OK  [0m] Stopped Message of the Day.
[[0;32m  OK  [0m] Stopped target System Time Synchronized.
         Stopping LSB: Record successful boot for GRUB...
         Stopping OpenBSD Secure Shell server...
         Stopping LSB: automatic crash report generation...
[[0;32m  OK  [0m] Unmounted /var/lib/lxcfs.
[[0;32m  OK  [0m] Stopped irqbalance daemon.
[[0;32m  OK  [0m] Stopped Regular background program processing daemon.
[[0;32m  OK  [0m] Stopped Accounts Service.
[[0;32m  OK  [0m] Stopped System Logging Service.
[[0;32m  OK  [0m] Stopped Dispatcher daemon for systemd-networkd.
[[0;32m  OK  [0m] Stopped Deferred execution scheduler.
[[0;32m  OK  [0m] Stopped Avahi mDNS/DNS-SD Stack.
[[0;32m  OK  [0m] Stopped Authorization Manager.
[[0;32m  OK  [0m] Stopped Serial Getty on ttyS0.
[[0;32m  OK  [0m] Stopped OpenBSD Secure Shell server.
[[0;32m  OK  [0m] Stopped Getty on tty1.
[[0;32m  OK  [0m] Stopped User Manager for UID 1000.
[[0;32m  OK  [0m] Stopped nginx - high performance web server.
[[0;32m  OK  [0m] Stopped D-Bus System Message Bus.
[[0;32m  OK  [0m] Stopped FUSE filesystem for LXC.
[[0;32m  OK  [0m] Stopped vboxadd-service.service.
[[0;32m  OK  [0m] Stopped Unattended Upgrades Shutdown.
[[0;32m  OK  [0m] Stopped Availability of block devices.
         Stopping vboxadd.service...
[[0;32m  OK  [0m] Stopped target Network is Online.
[[0;32m  OK  [0m] Stopped target Host and Network Name Lookups.
[[0;32m  OK  [0m] Removed slice system-getty.slice.
[[0;32m  OK  [0m] Removed slice system-serial\x2dgetty.slice.
[[0;32m  OK  [0m] Stopped Puppet agent.
[[0;32m  OK  [0m] Stopped LXD - container startup/shutdown.
[[0;32m  OK  [0m] Stopped LSB: Record successful boot for GRUB.
[[0;32m  OK  [0m] Stopped LSB: automatic crash report generation.
[[0;32m  OK  [0m] Stopped Session 23 of user vagrant.
[[0;32m  OK  [0m] Removed slice User Slice of vagrant.
         Stopping Permit User Sessions...
         Stopping Login Service...
[[0;32m  OK  [0m] Stopped Permit User Sessions.
[[0;32m  OK  [0m] Stopped target Network.
         Stopping Network Name Resolution...
[[0;32m  OK  [0m] Stopped target Remote File Systems.
[[0;32m  OK  [0m] Stopped target Remote File Systems (Pre).
[[0;32m  OK  [0m] Stopped Network Name Resolution.
         Stopping Network Service...
[[0;32m  OK  [0m] Unmounted /tmp/vagrant-puppet/manif…-846018e2aa141a5eb79a64b4015fc5f3.
[[0;32m  OK  [0m] Unmounted /home/vagrant/share.
[[0;32m  OK  [0m] Unmounted /vagrant.
[[0;32m  OK  [0m] Stopped Network Service.
[[0;32m  OK  [0m] Stopped target Network (Pre).
[[0;32m  OK  [0m] Stopped vboxadd.service.
[[0;32m  OK  [0m] Stopped Login Service.
[[0;32m  OK  [0m] Stopped target User and Group Name Lookups.
[[0;32m  OK  [0m] Stopped target Basic System.
[[0;32m  OK  [0m] Stopped target Paths.
[[0;32m  OK  [0m] Stopped ACPI Events Check.
[[0;32m  OK  [0m] Stopped target Sockets.
[[0;32m  OK  [0m] Closed ACPID Listen Socket.
[[0;32m  OK  [0m] Closed Open-iSCSI iscsid Socket.
[[0;32m  OK  [0m] Closed UUID daemon activation socket.
[[0;32m  OK  [0m] Closed Syslog Socket.
[[0;32m  OK  [0m] Closed Socket activation for snappy daemon.
[[0;32m  OK  [0m] Closed Avahi mDNS/DNS-SD Stack Activation Socket.
[[0;32m  OK  [0m] Closed LXD - unix socket.
[[0;32m  OK  [0m] Stopped target Slices.
[[0;32m  OK  [0m] Closed D-Bus System Message Bus Socket.
[[0;32m  OK  [0m] Stopped target System Initialization.
         Stopping Update UTMP about System Boot/Shutdown...
[[0;32m  OK  [0m] Stopped target Local Encrypted Volumes.
[[0;32m  OK  [0m] Stopped Dispatch Password Requests to Console Directory Watch.
[[0;32m  OK  [0m] Stopped Forward Password Requests to Wall Directory Watch.
         Stopping Load/Save Random Seed...
[[0;32m  OK  [0m] Stopped Apply Kernel Variables.
[[0;32m  OK  [0m] Stopped Load Kernel Modules.
[[0;32m  OK  [0m] Stopped Initial cloud-init job (metadata service crawler).
[[0;32m  OK  [0m] Stopped Initial cloud-init job (pre-networking).
[[0;32m  OK  [0m] Removed slice User and Session Slice.
[[0;32m  OK  [0m] Stopped Update UTMP about System Boot/Shutdown.
[[0;32m  OK  [0m] Stopped Create Volatile Files and Directories.
[[0;32m  OK  [0m] Stopped target Local File Systems.
         Unmounting /run/user/1000...
[[0;32m  OK  [0m] Stopped Load/Save Random Seed.
[[0;32m  OK  [0m] Unmounted /run/user/1000.
[[0;32m  OK  [0m] Reached target Unmount All Filesystems.
[[0;32m  OK  [0m] Stopped target Local File Systems (Pre).
[[0;32m  OK  [0m] Stopped Remount Root and Kernel File Systems.
[[0;32m  OK  [0m] Stopped Create Static Device Nodes in /dev.
         Stopping Monitoring of LVM2 mirrors…ng dmeventd or progress polling...
[[0;32m  OK  [0m] Stopped target Swap.
[[0;32m  OK  [0m] Reached target Shutdown.
[[0;32m  OK  [0m] Reached target Final Step.
         Starting Power-Off...
[ 5558.606287] reboot: Power down
