[    0.000000] Linux version 4.15.0-76-generic (buildd@lcy01-amd64-029) (gcc version 7.4.0 (Ubuntu 7.4.0-1ubuntu1~18.04.1)) #86-Ubuntu SMP Fri Jan 17 17:24:28 UTC 2020 (Ubuntu 4.15.0-76.86-generic 4.15.18)
[    0.000000] Command line: BOOT_IMAGE=/boot/vmlinuz-4.15.0-76-generic root=LABEL=cloudimg-rootfs ro console=tty1 console=ttyS0
[    0.000000] KERNEL supported cpus:
[    0.000000]   Intel GenuineIntel
[    0.000000]   AMD AuthenticAMD
[    0.000000]   Centaur CentaurHauls
[    0.000000] [Firmware Bug]: TSC doesn't count with P0 frequency!
[    0.000000] x86/fpu: Supporting XSAVE feature 0x001: 'x87 floating point registers'
[    0.000000] x86/fpu: Supporting XSAVE feature 0x002: 'SSE registers'
[    0.000000] x86/fpu: Supporting XSAVE feature 0x004: 'AVX registers'
[    0.000000] x86/fpu: xstate_offset[2]:  576, xstate_sizes[2]:  256
[    0.000000] x86/fpu: Enabled xstate features 0x7, context size is 832 bytes, using 'standard' format.
[    0.000000] e820: BIOS-provided physical RAM map:
[    0.000000] BIOS-e820: [mem 0x0000000000000000-0x000000000009fbff] usable
[    0.000000] BIOS-e820: [mem 0x000000000009fc00-0x000000000009ffff] reserved
[    0.000000] BIOS-e820: [mem 0x00000000000f0000-0x00000000000fffff] reserved
[    0.000000] BIOS-e820: [mem 0x0000000000100000-0x000000007ffeffff] usable
[    0.000000] BIOS-e820: [mem 0x000000007fff0000-0x000000007fffffff] ACPI data
[    0.000000] BIOS-e820: [mem 0x00000000fec00000-0x00000000fec00fff] reserved
[    0.000000] BIOS-e820: [mem 0x00000000fee00000-0x00000000fee00fff] reserved
[    0.000000] BIOS-e820: [mem 0x00000000fffc0000-0x00000000ffffffff] reserved
[    0.000000] NX (Execute Disable) protection: active
[    0.000000] SMBIOS 2.5 present.
[    0.000000] DMI: innotek GmbH VirtualBox/VirtualBox, BIOS VirtualBox 12/01/2006
[    0.000000] Hypervisor detected: KVM
[    0.000000] e820: last_pfn = 0x7fff0 max_arch_pfn = 0x400000000
[    0.000000] MTRR: Disabled
[    0.000000] x86/PAT: MTRRs disabled, skipping PAT initialization too.
[    0.000000] CPU MTRRs all blank - virtualized system.
[    0.000000] x86/PAT: Configuration [0-7]: WB  WT  UC- UC  WB  WT  UC- UC  
[    0.000000] found SMP MP-table at [mem 0x0009fff0-0x0009ffff]
[    0.000000] Scanning 1 areas for low memory corruption
[    0.000000] RAMDISK: [mem 0x35a6f000-0x36d2efff]
[    0.000000] ACPI: Early table checksum verification disabled
[    0.000000] ACPI: RSDP 0x00000000000E0000 000024 (v02 VBOX  )
[    0.000000] ACPI: XSDT 0x000000007FFF0030 00003C (v01 VBOX   VBOXXSDT 00000001 ASL  00000061)
[    0.000000] ACPI: FACP 0x000000007FFF00F0 0000F4 (v04 VBOX   VBOXFACP 00000001 ASL  00000061)
[    0.000000] ACPI: DSDT 0x000000007FFF0470 002325 (v02 VBOX   VBOXBIOS 00000002 INTL 20100528)
[    0.000000] ACPI: FACS 0x000000007FFF0200 000040
[    0.000000] ACPI: FACS 0x000000007FFF0200 000040
[    0.000000] ACPI: APIC 0x000000007FFF0240 00005C (v02 VBOX   VBOXAPIC 00000001 ASL  00000061)
[    0.000000] ACPI: SSDT 0x000000007FFF02A0 0001CC (v01 VBOX   VBOXCPUT 00000002 INTL 20100528)
[    0.000000] No NUMA configuration found
[    0.000000] Faking a node at [mem 0x0000000000000000-0x000000007ffeffff]
[    0.000000] NODE_DATA(0) allocated [mem 0x7ffc5000-0x7ffeffff]
[    0.000000] kvm-clock: cpu 0, msr 0:7ff44001, primary cpu clock
[    0.000000] kvm-clock: Using msrs 4b564d01 and 4b564d00
[    0.000000] kvm-clock: using sched offset of 3252365513 cycles
[    0.000000] clocksource: kvm-clock: mask: 0xffffffffffffffff max_cycles: 0x1cd42e4dffb, max_idle_ns: 881590591483 ns
[    0.000000] Zone ranges:
[    0.000000]   DMA      [mem 0x0000000000001000-0x0000000000ffffff]
[    0.000000]   DMA32    [mem 0x0000000001000000-0x000000007ffeffff]
[    0.000000]   Normal   empty
[    0.000000]   Device   empty
[    0.000000] Movable zone start for each node
[    0.000000] Early memory node ranges
[    0.000000]   node   0: [mem 0x0000000000001000-0x000000000009efff]
[    0.000000]   node   0: [mem 0x0000000000100000-0x000000007ffeffff]
[    0.000000] Reserved but unavailable: 98 pages
[    0.000000] Initmem setup node 0 [mem 0x0000000000001000-0x000000007ffeffff]
[    0.000000] ACPI: PM-Timer IO Port: 0x4008
[    0.000000] IOAPIC[0]: apic_id 2, version 32, address 0xfec00000, GSI 0-23
[    0.000000] ACPI: INT_SRC_OVR (bus 0 bus_irq 0 global_irq 2 dfl dfl)
[    0.000000] ACPI: INT_SRC_OVR (bus 0 bus_irq 9 global_irq 9 low level)
[    0.000000] Using ACPI (MADT) for SMP configuration information
[    0.000000] smpboot: Allowing 2 CPUs, 0 hotplug CPUs
[    0.000000] PM: Registered nosave memory: [mem 0x00000000-0x00000fff]
[    0.000000] PM: Registered nosave memory: [mem 0x0009f000-0x0009ffff]
[    0.000000] PM: Registered nosave memory: [mem 0x000a0000-0x000effff]
[    0.000000] PM: Registered nosave memory: [mem 0x000f0000-0x000fffff]
[    0.000000] e820: [mem 0x80000000-0xfebfffff] available for PCI devices
[    0.000000] Booting paravirtualized kernel on KVM
[    0.000000] clocksource: refined-jiffies: mask: 0xffffffff max_cycles: 0xffffffff, max_idle_ns: 7645519600211568 ns
[    0.000000] random: get_random_bytes called from start_kernel+0x99/0x4fd with crng_init=0
[    0.000000] setup_percpu: NR_CPUS:8192 nr_cpumask_bits:2 nr_cpu_ids:2 nr_node_ids:1
[    0.000000] percpu: Embedded 45 pages/cpu s147456 r8192 d28672 u1048576
[    0.000000] PV qspinlock hash table entries: 256 (order: 0, 4096 bytes)
[    0.000000] Built 1 zonelists, mobility grouping on.  Total pages: 515961
[    0.000000] Policy zone: DMA32
[    0.000000] Kernel command line: BOOT_IMAGE=/boot/vmlinuz-4.15.0-76-generic root=LABEL=cloudimg-rootfs ro console=tty1 console=ttyS0
[    0.000000] Memory: 2015272K/2096696K available (12300K kernel code, 2481K rwdata, 4260K rodata, 2428K init, 2704K bss, 81424K reserved, 0K cma-reserved)
[    0.000000] SLUB: HWalign=64, Order=0-3, MinObjects=0, CPUs=2, Nodes=1
[    0.000000] ftrace: allocating 39322 entries in 154 pages
[    0.004000] Hierarchical RCU implementation.
[    0.004000] 	RCU restricting CPUs from NR_CPUS=8192 to nr_cpu_ids=2.
[    0.004000] 	Tasks RCU enabled.
[    0.004000] RCU: Adjusting geometry for rcu_fanout_leaf=16, nr_cpu_ids=2
[    0.004000] NR_IRQS: 524544, nr_irqs: 440, preallocated irqs: 16
[    0.004000] Console: colour VGA+ 80x25
[    0.004000] console [tty1] enabled
[    0.004000] console [ttyS0] enabled
[    0.004000] ACPI: Core revision 20170831
[    0.004000] ACPI: 2 ACPI AML tables successfully acquired and loaded
[    0.004000] APIC: Switch to symmetric I/O mode setup
[    0.004000] x2apic enabled
[    0.004000] Switched APIC routing to physical x2apic.
[    0.004000] ..TIMER: vector=0x30 apic1=0 pin1=2 apic2=-1 pin2=-1
[    0.004000] tsc: Detected 3600.002 MHz processor
[    0.004000] Calibrating delay loop (skipped) preset value.. 7200.00 BogoMIPS (lpj=14400008)
[    0.004000] pid_max: default: 32768 minimum: 301
[    0.004000] Security Framework initialized
[    0.004000] Yama: becoming mindful.
[    0.004000] AppArmor: AppArmor initialized
[    0.004000] Dentry cache hash table entries: 262144 (order: 9, 2097152 bytes)
[    0.004000] Inode-cache hash table entries: 131072 (order: 8, 1048576 bytes)
[    0.004000] Mount-cache hash table entries: 4096 (order: 3, 32768 bytes)
[    0.004000] Mountpoint-cache hash table entries: 4096 (order: 3, 32768 bytes)
[    0.004000] Last level iTLB entries: 4KB 1024, 2MB 1024, 4MB 512
[    0.004000] Last level dTLB entries: 4KB 1536, 2MB 1536, 4MB 768, 1GB 0
[    0.004000] Spectre V1 : Mitigation: usercopy/swapgs barriers and __user pointer sanitization
[    0.004000] Spectre V2 : Spectre mitigation: LFENCE not serializing, switching to generic retpoline
[    0.004000] Spectre V2 : Mitigation: Full generic retpoline
[    0.004000] Spectre V2 : Spectre v2 / SpectreRSB mitigation: Filling RSB on context switch
[    0.004000] Speculative Store Bypass: Mitigation: Speculative Store Bypass disabled via prctl and seccomp
[    0.004000] Freeing SMP alternatives memory: 36K
[    0.118367] APIC calibration not consistent with PM-Timer: 111ms instead of 100ms
[    0.119280] APIC delta adjusted to PM-Timer: 6454483 (7185449)
[    0.120045] smpboot: CPU0: AMD Ryzen 5 2600X Six-Core Processor (family: 0x17, model: 0x8, stepping: 0x2)
[    0.121150] Performance Events: PMU not available due to virtualization, using software events only.
[    0.122192] Hierarchical SRCU implementation.
[    0.123154] NMI watchdog: Perf event create on CPU 0 failed with -2
[    0.123830] NMI watchdog: Perf NMI watchdog permanently disabled
[    0.124034] smp: Bringing up secondary CPUs ...
[    0.124624] x86: Booting SMP configuration:
[    0.125113] .... node  #0, CPUs:      #1
[    0.004000] kvm-clock: cpu 1, msr 0:7ff44041, secondary cpu clock
[    0.128013] smp: Brought up 1 node, 2 CPUs
[    0.128473] smpboot: Max logical packages: 1
[    0.128953] smpboot: Total of 2 processors activated (14400.00 BogoMIPS)
[    0.129753] devtmpfs: initialized
[    0.129753] x86/mm: Memory block size: 128MB
[    0.129753] evm: security.selinux
[    0.129753] evm: security.SMACK64
[    0.129839] evm: security.SMACK64EXEC
[    0.132006] evm: security.SMACK64TRANSMUTE
[    0.132490] evm: security.SMACK64MMAP
[    0.132927] evm: security.apparmor
[    0.133357] evm: security.ima
[    0.133723] evm: security.capability
[    0.134162] clocksource: jiffies: mask: 0xffffffff max_cycles: 0xffffffff, max_idle_ns: 7645041785100000 ns
[    0.134162] futex hash table entries: 512 (order: 3, 32768 bytes)
[    0.136002] pinctrl core: initialized pinctrl subsystem
[    0.136068] RTC time:  8:33:41, date: 02/15/20
[    0.136758] NET: Registered protocol family 16
[    0.137378] audit: initializing netlink subsys (disabled)
[    0.138064] audit: type=2000 audit(1581755625.873:1): state=initialized audit_enabled=0 res=1
[    0.140016] cpuidle: using governor ladder
[    0.140491] cpuidle: using governor menu
[    0.140654] ACPI: bus type PCI registered
[    0.140654] acpiphp: ACPI Hot Plug PCI Controller Driver version: 0.5
[    0.141313] PCI: Using configuration type 1 for base access
[    0.141949] PCI: Using configuration type 1 for extended access
[    0.148032] HugeTLB registered 2.00 MiB page size, pre-allocated 0 pages
[    0.148770] ACPI: Added _OSI(Module Device)
[    0.148770] ACPI: Added _OSI(Processor Device)
[    0.149073] ACPI: Added _OSI(3.0 _SCP Extensions)
[    0.149601] ACPI: Added _OSI(Processor Aggregator Device)
[    0.150195] ACPI: Added _OSI(Linux-Dell-Video)
[    0.150702] ACPI: Added _OSI(Linux-Lenovo-NV-HDMI-Audio)
[    0.152002] ACPI: Added _OSI(Linux-HPI-Hybrid-Graphics)
[    0.152782] ACPI: Executed 1 blocks of module-level executable AML code
[    0.156112] ACPI: Interpreter enabled
[    0.156562] ACPI: (supports S0 S5)
[    0.156975] ACPI: Using IOAPIC for interrupt routing
[    0.157763] PCI: Using host bridge windows from ACPI; if necessary, use "pci=nocrs" and report a bug
[    0.158927] ACPI: Enabled 2 GPEs in block 00 to 07
[    0.163892] ACPI: PCI Root Bridge [PCI0] (domain 0000 [bus 00-ff])
[    0.164000] acpi PNP0A03:00: _OSC: OS supports [ExtendedConfig ASPM ClockPM Segments MSI]
[    0.164743] acpi PNP0A03:00: _OSC: platform does not support [PCIeCapability]
[    0.165893] acpi PNP0A03:00: _OSC: not requesting control; platform does not support [PCIeCapability]
[    0.166917] acpi PNP0A03:00: _OSC: OS requested [PCIeHotplug PME AER PCIeCapability]
[    0.167792] acpi PNP0A03:00: _OSC: platform willing to grant [PCIeHotplug PME AER]
[    0.168002] acpi PNP0A03:00: _OSC failed (AE_SUPPORT); disabling ASPM
[    0.169008] PCI host bridge to bus 0000:00
[    0.169487] pci_bus 0000:00: root bus resource [io  0x0000-0x0cf7 window]
[    0.170233] pci_bus 0000:00: root bus resource [io  0x0d00-0xffff window]
[    0.170984] pci_bus 0000:00: root bus resource [mem 0x000a0000-0x000bffff window]
[    0.172002] pci_bus 0000:00: root bus resource [mem 0x80000000-0xfdffffff window]
[    0.172857] pci_bus 0000:00: root bus resource [bus 00-ff]
[    0.174953] pci 0000:00:01.1: legacy IDE quirk: reg 0x10: [io  0x01f0-0x01f7]
[    0.175745] pci 0000:00:01.1: legacy IDE quirk: reg 0x14: [io  0x03f6]
[    0.176000] pci 0000:00:01.1: legacy IDE quirk: reg 0x18: [io  0x0170-0x0177]
[    0.176002] pci 0000:00:01.1: legacy IDE quirk: reg 0x1c: [io  0x0376]
[    0.191862] pci 0000:00:07.0: quirk: [io  0x4000-0x403f] claimed by PIIX4 ACPI
[    0.192012] pci 0000:00:07.0: quirk: [io  0x4100-0x410f] claimed by PIIX4 SMB
[    0.202713] ACPI: PCI Interrupt Link [LNKA] (IRQs 5 9 10 *11)
[    0.203618] ACPI: PCI Interrupt Link [LNKB] (IRQs 5 9 *10 11)
[    0.204000] ACPI: PCI Interrupt Link [LNKC] (IRQs 5 *9 10 11)
[    0.204087] ACPI: PCI Interrupt Link [LNKD] (IRQs 5 9 10 *11)
[    0.204971] SCSI subsystem initialized
[    0.205513] pci 0000:00:02.0: vgaarb: setting as boot VGA device
[    0.205513] pci 0000:00:02.0: vgaarb: VGA device added: decodes=io+mem,owns=io+mem,locks=none
[    0.205667] pci 0000:00:02.0: vgaarb: bridge control possible
[    0.208006] vgaarb: loaded
[    0.208381] ACPI: bus type USB registered
[    0.208886] usbcore: registered new interface driver usbfs
[    0.209518] usbcore: registered new interface driver hub
[    0.210171] usbcore: registered new device driver usb
[    0.210798] EDAC MC: Ver: 3.0.0
[    0.212033] PCI: Using ACPI for IRQ routing
[    0.212707] NetLabel: Initializing
[    0.213122] NetLabel:  domain hash size = 128
[    0.213628] NetLabel:  protocols = UNLABELED CIPSOv4 CALIPSO
[    0.214277] NetLabel:  unlabeled traffic allowed by default
[    0.214921] clocksource: Switched to clocksource kvm-clock
[    0.229542] VFS: Disk quotas dquot_6.6.0
[    0.230066] VFS: Dquot-cache hash table entries: 512 (order 0, 4096 bytes)
[    0.230867] AppArmor: AppArmor Filesystem Enabled
[    0.231406] pnp: PnP ACPI init
[    0.232491] pnp: PnP ACPI: found 3 devices
[    0.240453] clocksource: acpi_pm: mask: 0xffffff max_cycles: 0xffffff, max_idle_ns: 2085701024 ns
[    0.241457] NET: Registered protocol family 2
[    0.242025] TCP established hash table entries: 16384 (order: 5, 131072 bytes)
[    0.242863] TCP bind hash table entries: 16384 (order: 6, 262144 bytes)
[    0.243584] TCP: Hash tables configured (established 16384 bind 16384)
[    0.247651] UDP hash table entries: 1024 (order: 3, 32768 bytes)
[    0.248294] UDP-Lite hash table entries: 1024 (order: 3, 32768 bytes)
[    0.248294] NET: Registered protocol family 1
[    0.248294] pci 0000:00:00.0: Limiting direct PCI/PCI transfers
[    0.248294] pci 0000:00:01.0: Activating ISA DMA hang workarounds
[    0.248294] pci 0000:00:02.0: Video device with shadowed ROM at [mem 0x000c0000-0x000dffff]
[    0.248294] Unpacking initramfs...
[    0.248294] Freeing initrd memory: 19200K
[    0.248294] clocksource: tsc: mask: 0xffffffffffffffff max_cycles: 0x33e4559ce44, max_idle_ns: 440795364889 ns
[    0.248294] platform rtc_cmos: registered platform RTC device (no PNP device found)
[    0.248294] Scanning for low memory corruption every 60 seconds
[    0.510411] Initialise system trusted keyrings
[    0.510964] Key type blacklist registered
[    0.511494] workingset: timestamp_bits=36 max_order=19 bucket_order=0
[    0.512835] zbud: loaded
[    0.513531] squashfs: version 4.0 (2009/01/31) Phillip Lougher
[    0.514316] fuse init (API version 7.26)
[    0.517790] Key type asymmetric registered
[    0.518305] Asymmetric key parser 'x509' registered
[    0.518890] Block layer SCSI generic (bsg) driver version 0.4 loaded (major 246)
[    0.519787] io scheduler noop registered
[    0.520264] io scheduler deadline registered
[    0.521244] io scheduler cfq registered (default)
[    0.521986] ACPI: AC Adapter [AC] (on-line)
[    0.522523] input: Power Button as /devices/LNXSYSTM:00/LNXPWRBN:00/input/input0
[    0.523434] ACPI: Power Button [PWRF]
[    0.523942] input: Sleep Button as /devices/LNXSYSTM:00/LNXSLPBN:00/input/input1
[    0.524811] ACPI: Sleep Button [SLPF]
[    0.525452] Serial: 8250/16550 driver, 32 ports, IRQ sharing enabled
[    0.546584] 00:02: ttyS0 at I/O 0x3f8 (irq = 4, base_baud = 115200) is a 16550A
[    0.549274] Linux agpgart interface v0.103
[    0.553096] loop: module loaded
[    0.553927] scsi host0: ata_piix
[    0.554436] scsi host1: ata_piix
[    0.554854] ata1: PATA max UDMA/33 cmd 0x1f0 ctl 0x3f6 bmdma 0xd000 irq 14
[    0.555613] ata2: PATA max UDMA/33 cmd 0x170 ctl 0x376 bmdma 0xd008 irq 15
[    0.556604] libphy: Fixed MDIO Bus: probed
[    0.557093] tun: Universal TUN/TAP device driver, 1.6
[    0.557722] PPP generic driver version 2.4.2
[    0.558275] ehci_hcd: USB 2.0 'Enhanced' Host Controller (EHCI) Driver
[    0.559012] ehci-pci: EHCI PCI platform driver
[    0.559540] ehci-platform: EHCI generic platform driver
[    0.560147] ohci_hcd: USB 1.1 'Open' Host Controller (OHCI) Driver
[    0.560867] ohci-pci: OHCI PCI platform driver
[    0.561389] ohci-platform: OHCI generic platform driver
[    0.561990] uhci_hcd: USB Universal Host Controller Interface driver
[    0.562729] i8042: PNP: PS/2 Controller [PNP0303:PS2K,PNP0f03:PS2M] at 0x60,0x64 irq 1,12
[    0.564046] serio: i8042 KBD port at 0x60,0x64 irq 1
[    0.564662] serio: i8042 AUX port at 0x60,0x64 irq 12
[    0.565342] mousedev: PS/2 mouse device common for all mice
[    0.566231] input: AT Translated Set 2 keyboard as /devices/platform/i8042/serio0/input/input2
[    0.567495] rtc_cmos rtc_cmos: rtc core: registered rtc_cmos as rtc0
[    0.568259] rtc_cmos rtc_cmos: alarms up to one day, 114 bytes nvram
[    0.568988] i2c /dev entries driver
[    0.569451] device-mapper: uevent: version 1.0.3
[    0.570052] device-mapper: ioctl: 4.37.0-ioctl (2017-09-20) initialised: dm-devel@redhat.com
[    0.571059] ledtrig-cpu: registered to indicate activity on CPUs
[    0.572110] NET: Registered protocol family 10
[    0.574790] Segment Routing with IPv6
[    0.575224] NET: Registered protocol family 17
[    0.575779] Key type dns_resolver registered
[    0.576436] mce: Using 0 MCE banks
[    0.576833] RAS: Correctable Errors collector initialized.
[    0.577435] sched_clock: Marking stable (576416990, 0)->(744210426, -167793436)
[    0.578506] registered taskstats version 1
[    0.578980] Loading compiled-in X.509 certificates
[    0.580878] Loaded X.509 cert 'Build time autogenerated kernel key: 665cd2b89e03521f57c41865f552ebce30a0c7fb'
[    0.581960] zswap: loaded using pool lzo/zbud
[    0.584406] Key type big_key registered
[    0.584845] Key type trusted registered
[    0.586209] Key type encrypted registered
[    0.586702] AppArmor: AppArmor sha1 policy hashing enabled
[    0.587303] ima: No TPM chip found, activating TPM-bypass! (rc=-19)
[    0.587996] ima: Allocated hash algorithm: sha1
[    0.588514] evm: HMAC attrs: 0x1
[    0.589077]   Magic number: 8:976:573
[    0.589587] rtc_cmos rtc_cmos: setting system clock to 2020-02-15 08:33:42 UTC (1581755622)
[    0.590582] BIOS EDD facility v0.16 2004-Jun-25, 0 devices found
[    0.591277] EDD information not available.
[    0.743538] Freeing unused kernel image memory: 2428K
[    0.756308] Write protecting the kernel read-only data: 20480k
[    0.757352] Freeing unused kernel image memory: 2008K
[    0.758118] Freeing unused kernel image memory: 1884K
[    0.764451] x86/mm: Checked W+X mappings: passed, no W+X pages found.
Loading, please wait...
starting version 237
[    0.808459] e1000: Intel(R) PRO/1000 Network Driver - version 7.3.21-k8-NAPI
[    0.809387] e1000: Copyright (c) 1999-2006 Intel Corporation.
[    0.812166] Fusion MPT base driver 3.04.20
[    0.812696] Copyright (c) 1999-2008 LSI Corporation
[    0.816258] Fusion MPT SPI Host driver 3.04.20
[    0.820314] AVX2 version of gcm_enc/dec engaged.
[    0.820931] AES CTR mode by8 optimization enabled
[    1.013080] input: ImExPS/2 Generic Explorer Mouse as /devices/platform/i8042/serio1/input/input4
[    1.166477] e1000 0000:00:03.0 eth0: (PCI:33MHz:32-bit) 02:b4:6b:8c:b8:1a
[    1.167296] e1000 0000:00:03.0 eth0: Intel(R) PRO/1000 Network Connection
[    1.530927] e1000 0000:00:08.0 eth1: (PCI:33MHz:32-bit) 08:00:27:9e:b9:6e
[    1.531813] e1000 0000:00:08.0 eth1: Intel(R) PRO/1000 Network Connection
[    1.533287] e1000 0000:00:08.0 enp0s8: renamed from eth1
[    1.534038] mptbase: ioc0: Initiating bringup
[    1.548553] e1000 0000:00:03.0 enp0s3: renamed from eth0
[    1.819164] ioc0: LSI53C1030 A0: Capabilities={Initiator}
[    3.962054] scsi host2: ioc0: LSI53C1030 A0, FwRev=00000000h, Ports=1, MaxQ=256, IRQ=20
[    4.136361] scsi 2:0:0:0: Direct-Access     VBOX     HARDDISK         1.0  PQ: 0 ANSI: 5
[    4.189860] scsi target2:0:0: Beginning Domain Validation
[    4.191061] scsi target2:0:0: Domain Validation skipping write tests
[    4.191742] scsi target2:0:0: Ending Domain Validation
[    4.192347] scsi target2:0:0: asynchronous
[    4.193031] scsi 2:0:1:0: Direct-Access     VBOX     HARDDISK         1.0  PQ: 0 ANSI: 5
[    4.268749] scsi target2:0:1: Beginning Domain Validation
[    4.269893] scsi target2:0:1: Domain Validation skipping write tests
[    4.270594] scsi target2:0:1: Ending Domain Validation
[    4.271215] random: fast init done
[    4.271616] scsi target2:0:1: asynchronous
[    4.274419] random: systemd-udevd: uninitialized urandom read (16 bytes read)
[    4.274551] sd 2:0:0:0: Attached scsi generic sg0 type 0
[    4.275248] random: systemd-udevd: uninitialized urandom read (16 bytes read)
[    4.275251] random: systemd-udevd: uninitialized urandom read (16 bytes read)
[    4.275860] sd 2:0:0:0: [sda] 20971520 512-byte logical blocks: (10.7 GB/10.0 GiB)
[    4.277069] sd 2:0:1:0: Attached scsi generic sg1 type 0
[    4.277509] sd 2:0:0:0: [sda] Write Protect is off
[    4.278996] sd 2:0:1:0: [sdb] 20480 512-byte logical blocks: (10.5 MB/10.0 MiB)
[    4.280439] sd 2:0:1:0: [sdb] Write Protect is off
[    4.280453] sd 2:0:0:0: [sda] Incomplete mode parameter data
[    4.281623] sd 2:0:0:0: [sda] Assuming drive cache: write through
[    4.282363] sd 2:0:1:0: [sdb] Incomplete mode parameter data
[    4.283016] sd 2:0:1:0: [sdb] Assuming drive cache: write through
[    4.284341]  sda: sda1
[    4.285180] sd 2:0:0:0: [sda] Attached SCSI disk
[    4.285822] sd 2:0:1:0: [sdb] Attached SCSI disk
Begin: Loading essential drivers ... [    5.628978] raid6: sse2x1   gen()  8772 MB/s
[    5.676825] raid6: sse2x1   xor()  8102 MB/s
[    5.725662] raid6: sse2x2   gen() 17383 MB/s
[    5.772532] raid6: sse2x2   xor() 11277 MB/s
[    5.821362] raid6: sse2x4   gen() 17303 MB/s
[    5.868231] raid6: sse2x4   xor() 10010 MB/s
[    5.916084] raid6: avx2x1   gen() 19926 MB/s
[    5.964911] raid6: avx2x1   xor() 14826 MB/s
[    6.012771] raid6: avx2x2   gen() 26657 MB/s
[    6.061602] raid6: avx2x2   xor() 16527 MB/s
[    6.108478] raid6: avx2x4   gen() 27739 MB/s
[    6.156331] raid6: avx2x4   xor() 13939 MB/s
[    6.156877] raid6: using algorithm avx2x4 gen() 27739 MB/s
[    6.157562] raid6: .... xor() 13939 MB/s, rmw enabled
[    6.158215] raid6: using avx2x2 recovery algorithm
[    6.159574] xor: automatically using best checksumming function   avx       
[    6.161025] async_tx: api initialized (async)
done.
Begin: Running /scripts/init-premount ... done.
Begin: Mounting root file system ... Begin: Running /scripts/local-top ... done.
Begin: Running /scripts/local-premount ... [    6.188826] Btrfs loaded, crc32c=crc32c-intel
Scanning for Btrfs filesystems
done.
Warning: fsck not present, so skipping root file system
[    6.211481] EXT4-fs (sda1): mounted filesystem with ordered data mode. Opts: (null)
done.
Begin: Running /scripts/local-bottom ... done.
Begin: Running /scripts/init-bottom ... done.
[    6.311368] ip_tables: (C) 2000-2006 Netfilter Core Team
[    6.317714] systemd[1]: systemd 237 running in system mode. (+PAM +AUDIT +SELINUX +IMA +APPARMOR +SMACK +SYSVINIT +UTMP +LIBCRYPTSETUP +GCRYPT +GNUTLS +ACL +XZ +LZ4 +SECCOMP +BLKID +ELFUTILS +KMOD -IDN2 +IDN -PCRE2 default-hierarchy=hybrid)
[    6.320250] systemd[1]: Detected virtualization oracle.
[    6.320884] systemd[1]: Detected architecture x86-64.

Welcome to [1mUbuntu 18.04.4 LTS[0m!

[    6.325151] systemd[1]: Set hostname to <ubuntu>.
[    6.328580] systemd[1]: Initializing machine ID from random generator.
[    6.329421] systemd[1]: Installed transient /etc/machine-id file.
[    6.512604] systemd[1]: Reached target System Time Synchronized.
[[0;32m  OK  [0m] Reached target System Time Synchronized.
[    6.513783] systemd[1]: Reached target User and Group Name Lookups.
[[0;32m  OK  [0m] Reached target User and Group Name Lookups.
[    6.525587] systemd[1]: Created slice User and Session Slice.
[[0;32m  OK  [0m] Created slice User and Session Slice.
[    6.526985] systemd[1]: Created slice System Slice.
[[0;32m  OK  [0m] Created slice System Slice.
[[0;32m  OK  [0m] Reached target Slices.
[[0;32m  OK  [0m] Listening on Journal Socket (/dev/log).
[[0;32m  OK  [0m] Listening on Journal Audit Socket.
[[0;32m  OK  [0m] Listening on udev Control Socket.
[[0;32m  OK  [0m] Listening on Network Service Netlink Socket.
[[0;32m  OK  [0m] Reached target Swap.
[[0;32m  OK  [0m] Listening on LVM2 poll daemon socket.
[[0;32m  OK  [0m] Listening on Journal Socket.
         Starting Remount Root and Kernel File Systems...
         Starting Set the console keyboard layout...
         Mounting Huge Pages File System...
         Starting Uncomplicated firewall...
[[0;32m  OK  [0m] Started Forward Password Requests to Wall Directory Watch.
[[0;32m  OK  [0m] Created slice system-serial\x2dgetty.slice.
[[0;32m  OK  [0m] Set up automount Arbitrary Executab…rmats File System Automount Point.
[[0;32m  OK  [0m] Listening on udev Kernel Socket.
         Starting udev Coldplug all Devices...
         Mounting Kernel Debug File System...
[[0;32m  OK  [0m] Listening on Syslog Socket.
         Starting Journal Service...
[    6.563868] EXT4-fs (sda1): re-mounted. Opts: (null)
         Starting Create list of required st…ce nodes for the current kernel...
[[0;32m  OK  [0m] Listening on Device-mapper event daemon FIFOs.
         Starting Load Kernel Modules...
[[0;32m  OK  [0m] Listening on LVM2 metadata daemon socket.
         Starting Monitoring of LVM2 mirrors…ng dmeventd or progress polling...
[[0;32m  OK  [0m] Listening on /dev/initctl Compatibility Named Pipe.
         Mounting POSIX Message Queue File System...
[[0;32m  OK  [0m] Started Remount Root and Kernel File Systems.
[[0;32m  OK  [0m] Mounted Huge Pages File System.
[[0;32m  OK  [0m] Started Uncomplicated firewall.
[[0;32m  OK  [0m] Mounted Kernel Debug File System.
[[0;32m  OK  [0m] Mounted POSIX Message Queue File System.
         Starting Load/Save Random Seed...
[[0;32m  OK  [0m] Started udev Coldplug all Devices.
[[0;32m  OK  [0m] Started Journal Service.
         Starting Flush Journal to Persistent Storage...
[[0;32m  OK  [0m] Started Create list of required sta…vice nodes for the current kernel.
         Starting Create Static Device Nodes in /dev...
[    6.605106] Loading iSCSI transport class v2.0-870.
[    6.609050] iscsi: registered transport (tcp)
[    6.618969] iscsi: registered transport (iser)
[[0;32m  OK  [0m] Started Load Kernel Modules.
         Starting Apply Kernel Variables...
         Mounting FUSE Control File System...
         Mounting Kernel Configuration File System...
[[0;32m  OK  [0m] Mounted FUSE Control File System.
[[0;32m  OK  [0m] Mounted Kernel Configuration File System.
[[0;32m  OK  [0m] Started Load/Save Random Seed.
[    6.643481] systemd-journald[405]: Received request to flush runtime journal from PID 1
[[0;32m  OK  [0m] Started Create Static Device Nodes in /dev.
         Starting udev Kernel Device Manager...
[[0;32m  OK  [0m] Started LVM2 metadata daemon.
[[0;32m  OK  [0m] Started Apply Kernel Variables.
[[0;32m  OK  [0m] Started udev Kernel Device Manager.
[[0;32m  OK  [0m] Started Monitoring of LVM2 mirrors,…sing dmeventd or progress polling.
[[0;32m  OK  [0m] Started Flush Journal to Persistent Storage.
[[0;32m  OK  [0m] Found device /dev/ttyS0.
[[0;32m  OK  [0m] Listening on Load/Save RF Kill Switch Status /dev/rfkill Watch.
[[0;32m  OK  [0m] Started Set the console keyboard layout.
[[0;32m  OK  [0m] Started Dispatch Password Requests to Console Directory Watch.
[[0;32m  OK  [0m] Reached target Local Encrypted Volumes.
[[0;32m  OK  [0m] Reached target Local File Systems (Pre).
[[0;32m  OK  [0m] Reached target Local File Systems.
         Starting Create Volatile Files and Directories...
         Starting Commit a transient machine-id on disk...
         Starting Tell Plymouth To Write Out Runtime Data...
         Starting AppArmor initialization...
         Starting Set console font and keymap...
         Starting ebtables ruleset management...
[[0;32m  OK  [0m] Started Create Volatile Files and Directories.
         Starting Update UTMP about System Boot/Shutdown...
[[0;32m  OK  [0m] Started Tell Plymouth To Write Out Runtime Data.
[[0;32m  OK  [0m] Started Update UTMP about System Boot/Shutdown.
[[0;32m  OK  [0m] Started Set console font and keymap.
[[0;32m  OK  [0m] Started Commit a transient machine-id on disk.
[[0;32m  OK  [0m] Started ebtables ruleset management.
[[0;32m  OK  [0m] Started AppArmor initialization.
         Starting Initial cloud-init job (pre-networking)...
[    8.388550] cloud-init[666]: Cloud-init v. 19.4-33-gbb4131a2-0ubuntu1~18.04.1 running 'init-local' at Sat, 15 Feb 2020 08:33:50 +0000. Up 8.15 seconds.
[[0;32m  OK  [0m] Started Initial cloud-init job (pre-networking).
[[0;32m  OK  [0m] Reached target Network (Pre).
         Starting Network Service...
[[0;32m  OK  [0m] Started Network Service.
         Starting Wait for Network to be Configured...
         Starting Network Name Resolution...
[[0;32m  OK  [0m] Started Network Name Resolution.
[[0;32m  OK  [0m] Reached target Network.
[[0;32m  OK  [0m] Reached target Host and Network Name Lookups.
[[0;32m  OK  [0m] Started Wait for Network to be Configured.
         Starting Initial cloud-init job (metadata service crawler)...
[   10.617335] cloud-init[782]: Cloud-init v. 19.4-33-gbb4131a2-0ubuntu1~18.04.1 running 'init' at Sat, 15 Feb 2020 08:33:52 +0000. Up 10.52 seconds.
[   10.618415] cloud-init[782]: ci-info: ++++++++++++++++++++++++++++++++++++++Net device info+++++++++++++++++++++++++++++++++++++++
[   10.619397] cloud-init[782]: ci-info: +--------+-------+----------------------------+---------------+--------+-------------------+
[   10.620403] cloud-init[782]: ci-info: | Device |   Up  |          Address           |      Mask     | Scope  |     Hw-Address    |
[   10.621378] cloud-init[782]: ci-info: +--------+-------+----------------------------+---------------+--------+-------------------+
[   10.622359] cloud-init[782]: ci-info: | enp0s3 |  True |         10.0.2.15          | 255.255.255.0 | global | 02:b4:6b:8c:b8:1a |
[   10.623353] cloud-init[782]: ci-info: | enp0s3 |  True | fe80::b4:6bff:fe8c:b81a/64 |       .       |  link  | 02:b4:6b:8c:b8:1a |
[   10.624276] cloud-init[782]: ci-info: | enp0s8 | False |             .              |       .       |   .    | 08:00:27:9e:b9:6e |
[   10.637079] cloud-init[782]: ci-info: |   lo   |  True |         127.0.0.1          |   255.0.0.0   |  host  |         .         |
[   10.638004] cloud-init[782]: ci-info: |   lo   |  True |          ::1/128           |       .       |  host  |         .         |
[   10.639134] cloud-init[782]: ci-info: +--------+-------+----------------------------+---------------+--------+-------------------+
[   10.640310] cloud-init[782]: ci-info: ++++++++++++++++++++++++++++Route IPv4 info+++++++++++++++++++++++++++++
[   10.641324] cloud-init[782]: ci-info: +-------+-------------+----------+-----------------+-----------+-------+
[   10.642219] cloud-init[782]: ci-info: | Route | Destination | Gateway  |     Genmask     | Interface | Flags |
[   10.643187] cloud-init[782]: ci-info: +-------+-------------+----------+-----------------+-----------+-------+
[   10.644247] cloud-init[782]: ci-info: |   0   |   0.0.0.0   | 10.0.2.2 |     0.0.0.0     |   enp0s3  |   UG  |
[   10.645276] cloud-init[782]: ci-info: |   1   |   10.0.2.0  | 0.0.0.0  |  255.255.255.0  |   enp0s3  |   U   |
[   10.646244] cloud-init[782]: ci-info: |   2   |   10.0.2.2  | 0.0.0.0  | 255.255.255.255 |   enp0s3  |   UH  |
[   10.647273] cloud-init[782]: ci-info: +-------+-------------+----------+-----------------+-----------+-------+
[   10.648306] cloud-init[782]: ci-info: +++++++++++++++++++Route IPv6 info+++++++++++++++++++
[   10.649168] cloud-init[782]: ci-info: +-------+-------------+---------+-----------+-------+
[   10.650043] cloud-init[782]: ci-info: | Route | Destination | Gateway | Interface | Flags |
[   10.650922] cloud-init[782]: ci-info: +-------+-------------+---------+-----------+-------+
[   10.651786] cloud-init[782]: ci-info: |   1   |  fe80::/64  |    ::   |   enp0s3  |   U   |
[   10.652690] cloud-init[782]: ci-info: |   3   |    local    |    ::   |   enp0s3  |   U   |
[   10.653548] cloud-init[782]: ci-info: |   4   |   ff00::/8  |    ::   |   enp0s3  |   U   |
[   10.654461] cloud-init[782]: ci-info: +-------+-------------+---------+-----------+-------+
[   11.282282] cloud-init[782]: Generating public/private rsa key pair.
[   11.283014] cloud-init[782]: Your identification has been saved in /etc/ssh/ssh_host_rsa_key.
[   11.283912] cloud-init[782]: Your public key has been saved in /etc/ssh/ssh_host_rsa_key.pub.
[   11.284831] cloud-init[782]: The key fingerprint is:
[   11.285428] cloud-init[782]: SHA256:EU+bSSBRX9k4O2J/ONSHxbN6MH3H8dd8wnpc3/IRnUw root@ubuntu-bionic
[   11.286357] cloud-init[782]: The key's randomart image is:
[   11.287002] cloud-init[782]: +---[RSA 2048]----+
[   11.287557] cloud-init[782]: |      oo+.o .+ . |
[   11.288003] cloud-init[782]: |       . * =+ .Eo|
[   11.288565] cloud-init[782]: |        . *  =+=O|
[   11.289096] cloud-init[782]: |         .o +o=*&|
[   11.289626] cloud-init[782]: |        S. + =++O|
[   11.290156] cloud-init[782]: |            =.=oo|
[   11.290697] cloud-init[782]: |             +.o.|
[   11.291247] cloud-init[782]: |                .|
[   11.291795] cloud-init[782]: |                 |
[   11.292432] cloud-init[782]: +----[SHA256]-----+
[   11.292991] cloud-init[782]: Generating public/private dsa key pair.
[   11.293689] cloud-init[782]: Your identification has been saved in /etc/ssh/ssh_host_dsa_key.
[   11.294549] cloud-init[782]: Your public key has been saved in /etc/ssh/ssh_host_dsa_key.pub.
[   11.295425] cloud-init[782]: The key fingerprint is:
[   11.296008] cloud-init[782]: SHA256:UcB+xKCjjInDSpIkvccopIH82BCx1ek6Gy43xKoIV+Y root@ubuntu-bionic
[   11.296955] cloud-init[782]: The key's randomart image is:
[   11.297576] cloud-init[782]: +---[DSA 1024]----+
[   11.298119] cloud-init[782]: | o... ..o+.      |
[   11.298685] cloud-init[782]: |o.+  o ...o      |
[   11.299256] cloud-init[782]: |+*. . o...       |
[   11.299824] cloud-init[782]: |*+=B o ....      |
[   11.300415] cloud-init[782]: |B+*oO   S.       |
[   11.300973] cloud-init[782]: |+o @             |
[   11.301537] cloud-init[782]: |o = E            |
[   11.302087] cloud-init[782]: |o+ =             |
[   11.302661] cloud-init[782]: |+ o .            |
[   11.303213] cloud-init[782]: +----[SHA256]-----+
[   11.303682] cloud-init[782]: Generating public/private ecdsa key pair.
[   11.304393] cloud-init[782]: Your identification has been saved in /etc/ssh/ssh_host_ecdsa_key.
[   11.305227] cloud-init[782]: Your public key has been saved in /etc/ssh/ssh_host_ecdsa_key.pub.
[   11.306048] cloud-init[782]: The key fingerprint is:
[   11.306640] cloud-init[782]: SHA256:z0Z73hhJmPg0MSbmLDQ+43xgEZfPOjtTDdAAXkNRVbQ root@ubuntu-bionic
[   11.307490] cloud-init[782]: The key's randomart image is:
[   11.308021] cloud-init[782]: +---[ECDSA 256]---+
[   11.308579] cloud-init[782]: |      ooB*...oo  |
[   11.309106] cloud-init[782]: |     . +o..    . |
[   11.309641] cloud-init[782]: |      = o++   E  |
[   11.310180] cloud-init[782]: |     o * ++=     |
[   11.310709] cloud-init[782]: |      B S.*o.    |
[   11.311231] cloud-init[782]: |     + =o*.+..   |
[   11.311752] cloud-init[782]: |      o .+* +    |
[   11.312226] cloud-init[782]: |       .+. o +   |
[   11.312776] cloud-init[782]: |         o  o .  |
[   11.313336] cloud-init[782]: +----[SHA256]-----+
[[0;32m  OK  [0m] Started Initial cloud-init job (metadata service crawler).
[[0;32m  OK  [0m] Reached target Network is Online.
[   11.315655] cloud-init[782]: Generating public/private ed25519 key pair.[[0;32m  OK  [0m] Reached target Remote File Systems (Pre).
[[0;32m  OK  [0m] Reached target Remote File Systems.

[   11.317163]          Starting Availability of block devices...
[[0;32m  OK  [0m] Reached target Cloud-config availability.
[[0;32m  OK  [0m] Reached target System Initialization.
cloud-init         Starting Socket activation for snappy daemon.
[[0;32m  OK  [0m] Started Discard unused blocks once a week.
         Starting LXD - unix socket.
[[0;32m  OK  [0m] Started Daily apt download activities.
[[0;32m  OK  [0m] Started Daily Cleanup of Temporary Directories.
[[0;32m  OK  [0m] Listening on UUID daemon activation socket.
[[0;32m  OK  [0m] Started Message of the Day.
[[0;32m  OK  [0m] Listening on Open-iSCSI iscsid Socket.
[[0;32m  OK  [0m] Listening on ACPID Listen Socket.
[[0;32m  OK  [0m] Listening on D-Bus System Message Bus Socket.
[[0;32m  OK  [0m] Started Daily apt upgrade and clean activities.
[[782]: Your identification has been saved in /etc/ssh/ssh_host_ed25519_key.
[   11.325133] cloud-init[782]: [0;32m  OK  [0m] Reached target Timers.
Your public key has been saved in /etc/ssh/ssh_host_ed25519_key.pub.[[0;32m  OK  [0m] Started ACPI Events Check.
[[0;32m  OK  [0m] Reached target Paths.
[[0;32m  OK  [0m] Listening on Socket activation for snappy daemon.
[[0;32m  OK  [0m] Listening on LXD - unix socket.

[[0;32m  OK  [0m] Reached target Sockets.
[[0;32m  OK  [0m] Reached target Basic System.
         Starting Virtualbox guest utils...
[   11.330713] cloud-init         Starting System Logging Service...
[[0;32m  OK  [0m] Started Regular background program processing daemon.
         Starting Dispatcher daemon for systemd-networkd...
         Starting LXD - container startup/shutdown...
         Starting Pollinate to seed the pseudo random number generator...
[[0;32m  OK  [0m] Started FUSE filesystem for LXC.
         Starting Login Service...
         Starting Permit User Sessions...
         Starting LSB: automatic crash report generation...
         Starting LSB: Record successful boot for GRUB...
         Starting Accounts Service...
[[0;32m  OK  [0m] Started Deferred execution scheduler.
[[0;32m  OK  [0m] Started irqbalance daemon.
[782]: The key fingerprint is:
[   11.341059] cloud-init[782]: SHA256:TwrmDnGxvP7AEcUChSli6I6EeIkQUvUVauiDOyVh484 root@ubuntu-bionic
[[0;32m  OK  [0m] Started D-Bus System Message Bus.
[   11.347377] cloud-init[782]: The key's randomart image is:
[   11.349772] cloud-init[782]: +--[ED25519 256]--+
[   11.350746] cloud-init[782]: |+o..o=..+.       |
[   11.351225] cloud-init[782]: |=.. oo.+.        |
[   11.351698] cloud-init[782]: |*o+o. *.         |
[   11.352127] cloud-init[782]: |+=o= o +         |
[   11.352970] cloud-init[782]: |+.+ = B S .      |
[   11.353367] cloud-init[782]: |.+ + B + +       |
[   11.353788] cloud-init[782]: |  E . = . .      |
[   11.354213] cloud-init[782]: |   . + .         |
[   11.354644] cloud-init[782]: |      o..        |
[   11.355076] cloud-init[782]: +----[SHA256]-----+
         Starting Snappy daemon...
[[0;32m  OK  [0m] Started System Logging Service.
[[0;32m  OK  [0m] Started Availability of block devices.
[[0;32m  OK  [0m] Started Permit User Sessions.
[[0;32m  OK  [0m] Started Login Service.
[[0;32m  OK  [0m] Started Unattended Upgrades Shutdown.
         Starting Authorization Manager...
         Starting Hold until boot process finishes up...
         Starting Terminate Plymouth Boot Screen...
[[0;32m  OK  [0m] Started Hold until boot process finishes up.
         Starting Set console scheme...
[[0;32m  OK  [0m] Started Serial Getty on ttyS0.
[[0;32m  OK  [0m] Started Terminate Plymouth Boot Screen.
[[0;32m  OK  [0m] Started LXD - container startup/shutdown.
[[0;32m  OK  [0m] Started Authorization Manager.
[[0;32m  OK  [0m] Started Accounts Service.
[[0;32m  OK  [0m] Started Set console scheme.
[[0;32m  OK  [0m] Created slice system-getty.slice.
[[0;32m  OK  [0m] Started Getty on tty1.
[[0;32m  OK  [0m] Reached target Login Prompts.
[[0;32m  OK  [0m] Started LSB: automatic crash report generation.
[[0;32m  OK  [0m] Started LSB: Record successful boot for GRUB.
[[0;32m  OK  [0m] Started Virtualbox guest utils.
[[0;32m  OK  [0m] Started Dispatcher daemon for systemd-networkd.
[[0;32m  OK  [0m] Started Snappy daemon.
         Starting Wait until snapd is fully seeded...
[[0;32m  OK  [0m] Started Pollinate to seed the pseudo random number generator.
         Starting OpenBSD Secure Shell server...
[[0;32m  OK  [0m] Started OpenBSD Secure Shell server.
[[0;32m  OK  [0m] Created slice User Slice of vagrant.
         Starting User Manager for UID 1000...
[[0;32m  OK  [0m] Started Session 1 of user vagrant.
[[0;32m  OK  [0m] Started User Manager for UID 1000.
[[0;32m  OK  [0m] Started Wait until snapd is fully seeded.
         Starting Apply the settings specified in cloud-config...
[[0;32m  OK  [0m] Reached target Multi-User System.
[[0;32m  OK  [0m] Reached target Graphical Interface.
         Starting Update UTMP about System Runlevel Changes...
[[0;32m  OK  [0m] Started Update UTMP about System Runlevel Changes.
[   13.874690] cloud-init[1388]: Cloud-init v. 19.4-33-gbb4131a2-0ubuntu1~18.04.1 running 'modules:config' at Sat, 15 Feb 2020 08:33:55 +0000. Up 13.55 seconds.
[[0;32m  OK  [0m] Started Apply the settings specified in cloud-config.
         Starting Execute cloud user/final scripts...
ci-info: no authorized SSH keys fingerprints found for user ubuntu.
<14>Feb 15 08:33:56 ec2: 
<14>Feb 15 08:33:56 ec2: #############################################################
<14>Feb 15 08:33:56 ec2: -----BEGIN SSH HOST KEY FINGERPRINTS-----
<14>Feb 15 08:33:56 ec2: 1024 SHA256:UcB+xKCjjInDSpIkvccopIH82BCx1ek6Gy43xKoIV+Y root@ubuntu-bionic (DSA)
<14>Feb 15 08:33:56 ec2: 256 SHA256:z0Z73hhJmPg0MSbmLDQ+43xgEZfPOjtTDdAAXkNRVbQ root@ubuntu-bionic (ECDSA)
<14>Feb 15 08:33:56 ec2: 256 SHA256:TwrmDnGxvP7AEcUChSli6I6EeIkQUvUVauiDOyVh484 root@ubuntu-bionic (ED25519)
<14>Feb 15 08:33:56 ec2: 2048 SHA256:EU+bSSBRX9k4O2J/ONSHxbN6MH3H8dd8wnpc3/IRnUw root@ubuntu-bionic (RSA)
<14>Feb 15 08:33:56 ec2: -----END SSH HOST KEY FINGERPRINTS-----
<14>Feb 15 08:33:56 ec2: #############################################################
-----BEGIN SSH HOST KEY KEYS-----
ecdsa-sha2-nistp256 AAAAE2VjZHNhLXNoYTItbmlzdHAyNTYAAAAIbmlzdHAyNTYAAABBBAbM0ezpLvb2hXONLPJmfreIgjnwK8/djnOkt3DbRMj9uDIttPfII0YzaIn8pU3SeN/4HX7jIau4/mmU4qVkSSI= root@ubuntu-bionic
ssh-ed25519 AAAAC3NzaC1lZDI1NTE5AAAAIAlIQ6QCrpL8H9W7OBsNyeeH1FrJR1Jyl5pBkoJlaDSP root@ubuntu-bionic
ssh-rsa AAAAB3NzaC1yc2EAAAADAQABAAABAQCjWlkA3GBZ60i7vWRqPIl/GxVspJKlaoaK92PeQ5k1yQgfZK9m0VBGmG63hYWwKGw19CgZ0kUXfdT8R4wM6bFjkb85GkKwnAJyhVNwh8HD7+NdpohtTCHWPhfG2/bNlEW7j2qX8jH0HlQEhwxZn31KALpzD4HpKu57LapDvA/uZVBz2Hh6SEhTGtaF9hthOgpozcfE3ey4t46vH/3PnlD3waK8Imo168McTpGEWQRcWjn49mDV519UF+gQq4ZinNymnRyupxusLY49EPviMbgsr8Q00e9mO7jbyqALgsb+UM9+n+vgOEi538Ve1HGuhKN1ZZ+GMKgy11Hn1Rzr9RPR root@ubuntu-bionic
-----END SSH HOST KEY KEYS-----
[   14.273908] cloud-init[1505]: Cloud-init v. 19.4-33-gbb4131a2-0ubuntu1~18.04.1 running 'modules:final' at Sat, 15 Feb 2020 08:33:56 +0000. Up 14.16 seconds.
[   14.275185] cloud-init[1505]: ci-info: no authorized SSH keys fingerprints found for user ubuntu.
[   14.276082] cloud-init[1505]: Cloud-init v. 19.4-33-gbb4131a2-0ubuntu1~18.04.1 finished at Sat, 15 Feb 2020 08:33:56 +0000. Datasource DataSourceNoCloud [seed=/dev/sdb][dsmode=net].  Up 14.26 seconds
[[0;32m  OK  [0m] Started Execute cloud user/final scripts.
[[0;32m  OK  [0m] Reached target Cloud-init target.

Ubuntu 18.04.4 LTS ubuntu-bionic ttyS0

ubuntu-bionic login:          Stopping User Manager for UID 1000...
         Stopping Session 14 of user vagrant.
         Stopping Availability of block devices...
[[0;32m  OK  [0m] Closed Load/Save RF Kill Switch Status /dev/rfkill Watch.
[[0;32m  OK  [0m] Stopped target Timers.
[[0;32m  OK  [0m] Stopped Discard unused blocks once a week.
[[0;32m  OK  [0m] Stopped Message of the Day.
[[0;32m  OK  [0m] Stopped Daily apt upgrade and clean activities.
[[0;32m  OK  [0m] Stopped Daily apt download activities.
         Stopping Authorization Manager...
[[0;32m  OK  [0m] Stopped target Graphical Interface.
         Stopping Accounts Service...
[[0;32m  OK  [0m] Stopped target Cloud-init target.
[[0;32m  OK  [0m] Stopped Execute cloud user/final scripts.
[[0;32m  OK  [0m] Stopped Apply the settings specified in cloud-config.
[[0;32m  OK  [0m] Stopped target Cloud-config availability.
[[0;32m  OK  [0m] Stopped target Multi-User System.
         Stopping D-Bus System Message Bus...
         Stopping Unattended Upgrades Shutdown...
         Stopping Virtualbox guest utils...
         Stopping Avahi mDNS/DNS-SD Stack...
         Stopping Regular background program processing daemon...
         Stopping Dispatcher daemon for systemd-networkd...
         Stopping FUSE filesystem for LXC...
         Stopping A high performance web server and a reverse proxy server...
         Stopping LSB: Record successful boot for GRUB...
         Stopping LSB: automatic crash report generation...
         Stopping Deferred execution scheduler...
         Stopping LXD - container startup/shutdown...
[[0;32m  OK  [0m] Stopped Wait until snapd is fully seeded.
[[0;32m  OK  [0m] Stopped target Login Prompts.
         Stopping Getty on tty1...
         Stopping OpenBSD Secure Shell server...
[[0;32m  OK  [0m] Stopped Daily Cleanup of Temporary Directories.
         Stopping Serial Getty on ttyS0...
         Stopping System Logging Service...
[[0;32m  OK  [0m] Stopped target System Time Synchronized.
         Stopping irqbalance daemon...
[[0;32m  OK  [0m] Stopped target Network is Online.
[[0;32m  OK  [0m] Stopped target Host and Network Name Lookups.
[[0;32m  OK  [0m] Unmounted /var/lib/lxcfs.
[[0;32m  OK  [0m] Stopped System Logging Service.
[[0;32m  OK  [0m] Stopped Regular background program processing daemon.
[[0;32m  OK  [0m] Stopped Dispatcher daemon for systemd-networkd.
[[0;32m  OK  [0m] Stopped Accounts Service.
[[0;32m  OK  [0m] Stopped Deferred execution scheduler.
[[0;32m  OK  [0m] Stopped irqbalance daemon.
[[0;32m  OK  [0m] Stopped Unattended Upgrades Shutdown.
[[0;32m  OK  [0m] Stopped Authorization Manager.
[[0;32m  OK  [0m] Stopped Serial Getty on ttyS0.
[[0;32m  OK  [0m] Stopped Getty on tty1.
[[0;32m  OK  [0m] Stopped OpenBSD Secure Shell server.
[[0;32m  OK  [0m] Stopped Avahi mDNS/DNS-SD Stack.
[[0;32m  OK  [0m] Stopped User Manager for UID 1000.
[[0;32m  OK  [0m] Stopped Availability of block devices.
[[0;32m  OK  [0m] Stopped D-Bus System Message Bus.
[[0;32m  OK  [0m] Stopped FUSE filesystem for LXC.
[[0;32m  OK  [0m] Stopped Session 14 of user vagrant.
[[0;32m  OK  [0m] Removed slice User Slice of vagrant.
[[0;32m  OK  [0m] Removed slice system-getty.slice.
         Stopping Permit User Sessions...
[[0;32m  OK  [0m] Removed slice system-serial\x2dgetty.slice.
         Stopping Login Service...
[[0;32m  OK  [0m] Stopped LXD - container startup/shutdown.
[[0;32m  OK  [0m] Stopped Permit User Sessions.
[[0;32m  OK  [0m] Stopped A high performance web server and a reverse proxy server.
[[0;32m  OK  [0m] Stopped LSB: Record successful boot for GRUB.
[[0;32m  OK  [0m] Stopped LSB: automatic crash report generation.
[[0;32m  OK  [0m] Stopped target Network.
         Stopping Network Name Resolution...
[[0;32m  OK  [0m] Stopped target Remote File Systems.
[[0;32m  OK  [0m] Stopped target Remote File Systems (Pre).
[[0;32m  OK  [0m] Stopped Virtualbox guest utils.
[[0;32m  OK  [0m] Stopped Network Name Resolution.
         Stopping Network Service...
[[0;32m  OK  [0m] Stopped Login Service.
[[0;32m  OK  [0m] Stopped target Basic System.
[[0;32m  OK  [0m] Stopped target Paths.
[[0;32m  OK  [0m] Stopped ACPI Events Check.
[[0;32m  OK  [0m] Stopped target Sockets.
[[0;32m  OK  [0m] Closed ACPID Listen Socket.
[[0;32m  OK  [0m] Closed Avahi mDNS/DNS-SD Stack Activation Socket.
[[0;32m  OK  [0m] Closed LXD - unix socket.
[[0;32m  OK  [0m] Closed Open-iSCSI iscsid Socket.
[[0;32m  OK  [0m] Closed UUID daemon activation socket.
[[0;32m  OK  [0m] Closed Socket activation for snappy daemon.
[[0;32m  OK  [0m] Closed Syslog Socket.
[[0;32m  OK  [0m] Stopped target Slices.
[[0;32m  OK  [0m] Removed slice User and Session Slice.
[[0;32m  OK  [0m] Stopped target User and Group Name Lookups.
[[0;32m  OK  [0m] Closed D-Bus System Message Bus Socket.
[[0;32m  OK  [0m] Stopped target System Initialization.
[[0;32m  OK  [0m] Stopped Initial cloud-init job (metadata service crawler).
         Stopping Update UTMP about System Boot/Shutdown...
[[0;32m  OK  [0m] Stopped target Local Encrypted Volumes.
[[0;32m  OK  [0m] Stopped Forward Password Requests to Wall Directory Watch.
[[0;32m  OK  [0m] Stopped Dispatch Password Requests to Console Directory Watch.
         Stopping Load/Save Random Seed...
[[0;32m  OK  [0m] Stopped Commit a transient machine-id on disk.
[[0;32m  OK  [0m] Stopped Network Service.
[[0;32m  OK  [0m] Stopped Apply Kernel Variables.
[[0;32m  OK  [0m] Stopped Load Kernel Modules.
[[0;32m  OK  [0m] Stopped target Network (Pre).
[[0;32m  OK  [0m] Stopped Initial cloud-init job (pre-networking).
[[0;32m  OK  [0m] Stopped Update UTMP about System Boot/Shutdown.
[[0;32m  OK  [0m] Stopped Load/Save Random Seed.
[[0;32m  OK  [0m] Stopped Create Volatile Files and Directories.
[[0;32m  OK  [0m] Stopped target Local File Systems.
         Unmounting /tmp/vagrant-puppet/mani…46018e2aa141a5eb79a64b4015fc5f3...
         Unmounting /run/user/1000...
         Unmounting /vagrant...
[[0;32m  OK  [0m] Unmounted /run/user/1000.
[[0;32m  OK  [0m] Unmounted /tmp/vagrant-puppet/manif…-846018e2aa141a5eb79a64b4015fc5f3.
[[0;32m  OK  [0m] Stopped target Swap.
[[0;32m  OK  [0m] Unmounted /vagrant.
[[0;32m  OK  [0m] Reached target Unmount All Filesystems.
[[0;32m  OK  [0m] Stopped target Local File Systems (Pre).
         Stopping Monitoring of LVM2 mirrors…ng dmeventd or progress polling...
[[0;32m  OK  [0m] Stopped Remount Root and Kernel File Systems.
[[0;32m  OK  [0m] Stopped Create Static Device Nodes in /dev.
[[0;32m  OK  [0m] Reached target Shutdown.
[[0;32m  OK  [0m] Reached target Final Step.
         Starting Power-Off...
[11257.639937] reboot: Power down
